# JRE version: OpenJDK Runtime Environment Temurin-21.0.10+7 (21.0.10+7) (build 21.0.10+7-LTS)
# Java VM: OpenJDK 64-Bit Server VM Temurin-21.0.10+7 (21.0.10+7-LTS, mixed mode, sharing, tiered, compressed oops, compressed class ptrs, parallel gc, windows-amd64)
GC Precious Log:
 CardTable entry size: 512
 CPUs: 12 total, 12 available
 Memory: 15713M
 Large Page Support: Disabled
 NUMA Support: Disabled
 Compressed Oops: Enabled (32-bit)
 Alignments: Space 512K, Generation 512K, Heap 2M
 Heap Min Capacity: 100M
 Heap Initial Capacity: 100M
 Heap Max Capacity: 2G
 Pre-touch: Disabled
 Parallel Workers: 10
Heap:
 PSYoungGen      total 8192K, used 2376K [0x00000000d5580000, 0x00000000d6280000, 0x0000000100000000)
  eden space 7168K, 23% used [0x00000000d5580000,0x00000000d572a050,0x00000000d5c80000)
  from space 1024K, 65% used [0x00000000d6180000,0x00000000d6228010,0x00000000d6280000)
  to   space 1024K, 0% used [0x00000000d6080000,0x00000000d6080000,0x00000000d6180000)
 ParOldGen       total 83456K, used 83205K [0x0000000080000000, 0x0000000085180000, 0x00000000d5580000)
  object space 83456K, 99% used [0x0000000080000000,0x00000000851417e0,0x0000000085180000)
 Metaspace       used 55823K, committed 57216K, reserved 1114112K
  class space    used 5991K, committed 6656K, reserved 1048576K
GC Heap History (20 events):
Event: 17.063 GC heap before
{Heap before GC invocations=58 (full 2):
 PSYoungGen      total 8192K, used 8054K [0x00000000d5580000, 0x00000000d6380000, 0x0000000100000000)
  eden space 7168K, 100% used [0x00000000d5580000,0x00000000d5c80000,0x00000000d5c80000)
  from space 1024K, 86% used [0x00000000d6180000,0x00000000d625d9a8,0x00000000d6280000)
  to   space 1024K, 0% used [0x00000000d6280000,0x00000000d6280000,0x00000000d6380000)
 ParOldGen       total 80384K, used 80001K [0x0000000080000000, 0x0000000084e80000, 0x00000000d5580000)
  object space 80384K, 99% used [0x0000000080000000,0x0000000084e20630,0x0000000084e80000)
 Metaspace       used 54171K, committed 55488K, reserved 1114112K
  class space    used 5857K, committed 6464K, reserved 1048576K
}
Event: 17.064 GC heap after
{Heap after GC invocations=58 (full 2):
 PSYoungGen      total 8192K, used 598K [0x00000000d5580000, 0x00000000d6380000, 0x0000000100000000)
  eden space 7168K, 0% used [0x00000000d5580000,0x00000000d5580000,0x00000000d5c80000)
  from space 1024K, 58% used [0x00000000d6280000,0x00000000d63159f8,0x00000000d6380000)
  to   space 1024K, 0% used [0x00000000d6180000,0x00000000d6180000,0x00000000d6280000)
 ParOldGen       total 80384K, used 80033K [0x0000000080000000, 0x0000000084e80000, 0x00000000d5580000)
  object space 80384K, 99% used [0x0000000080000000,0x0000000084e28630,0x0000000084e80000)
 Metaspace       used 54171K, committed 55488K, reserved 1114112K
  class space    used 5857K, committed 6464K, reserved 1048576K
}
Event: 17.105 GC heap before
{Heap before GC invocations=59 (full 2):
 PSYoungGen      total 8192K, used 7766K [0x00000000d5580000, 0x00000000d6380000, 0x0000000100000000)
  eden space 7168K, 100% used [0x00000000d5580000,0x00000000d5c80000,0x00000000d5c80000)
  from space 1024K, 58% used [0x00000000d6280000,0x00000000d63159f8,0x00000000d6380000)
  to   space 1024K, 0% used [0x00000000d6180000,0x00000000d6180000,0x00000000d6280000)
 ParOldGen       total 80384K, used 80033K [0x0000000080000000, 0x0000000084e80000, 0x00000000d5580000)
  object space 80384K, 99% used [0x0000000080000000,0x0000000084e28630,0x0000000084e80000)
 Metaspace       used 54173K, committed 55488K, reserved 1114112K
  class space    used 5857K, committed 6464K, reserved 1048576K
}
Event: 17.106 GC heap after
{Heap after GC invocations=59 (full 2):
 PSYoungGen      total 8192K, used 933K [0x00000000d5580000, 0x00000000d6300000, 0x0000000100000000)
  eden space 7168K, 0% used [0x00000000d5580000,0x00000000d5580000,0x00000000d5c80000)
  from space 1024K, 91% used [0x00000000d6180000,0x00000000d6269478,0x00000000d6280000)
  to   space 512K, 0% used [0x00000000d6280000,0x00000000d6280000,0x00000000d6300000)
 ParOldGen       total 80384K, used 80033K [0x0000000080000000, 0x0000000084e80000, 0x00000000d5580000)
  object space 80384K, 99% used [0x0000000080000000,0x0000000084e28630,0x0000000084e80000)
 Metaspace       used 54173K, committed 55488K, reserved 1114112K
  class space    used 5857K, committed 6464K, reserved 1048576K
}
Event: 17.293 GC heap before
{Heap before GC invocations=60 (full 2):
 PSYoungGen      total 8192K, used 8101K [0x00000000d5580000, 0x00000000d6300000, 0x0000000100000000)
  eden space 7168K, 100% used [0x00000000d5580000,0x00000000d5c80000,0x00000000d5c80000)
  from space 1024K, 91% used [0x00000000d6180000,0x00000000d6269478,0x00000000d6280000)
  to   space 512K, 0% used [0x00000000d6280000,0x00000000d6280000,0x00000000d6300000)
 ParOldGen       total 80384K, used 80033K [0x0000000080000000, 0x0000000084e80000, 0x00000000d5580000)
  object space 80384K, 99% used [0x0000000080000000,0x0000000084e28630,0x0000000084e80000)
 Metaspace       used 55209K, committed 56576K, reserved 1114112K
  class space    used 5949K, committed 6592K, reserved 1048576K
}
Event: 17.295 GC heap after
{Heap after GC invocations=60 (full 2):
 PSYoungGen      total 7680K, used 352K [0x00000000d5580000, 0x00000000d6300000, 0x0000000100000000)
  eden space 7168K, 0% used [0x00000000d5580000,0x00000000d5580000,0x00000000d5c80000)
  from space 512K, 68% used [0x00000000d6280000,0x00000000d62d8000,0x00000000d6300000)
  to   space 1024K, 0% used [0x00000000d6100000,0x00000000d6100000,0x00000000d6200000)
 ParOldGen       total 80384K, used 80033K [0x0000000080000000, 0x0000000084e80000, 0x00000000d5580000)
  object space 80384K, 99% used [0x0000000080000000,0x0000000084e28630,0x0000000084e80000)
 Metaspace       used 55209K, committed 56576K, reserved 1114112K
  class space    used 5949K, committed 6592K, reserved 1048576K
}
Event: 17.521 GC heap before
{Heap before GC invocations=61 (full 2):
 PSYoungGen      total 7680K, used 7520K [0x00000000d5580000, 0x00000000d6300000, 0x0000000100000000)
  eden space 7168K, 100% used [0x00000000d5580000,0x00000000d5c80000,0x00000000d5c80000)
  from space 512K, 68% used [0x00000000d6280000,0x00000000d62d8000,0x00000000d6300000)
  to   space 1024K, 0% used [0x00000000d6100000,0x00000000d6100000,0x00000000d6200000)
 ParOldGen       total 80384K, used 80033K [0x0000000080000000, 0x0000000084e80000, 0x00000000d5580000)
  object space 80384K, 99% used [0x0000000080000000,0x0000000084e28630,0x0000000084e80000)
 Metaspace       used 55436K, committed 56768K, reserved 1114112K
  class space    used 5973K, committed 6592K, reserved 1048576K
}
Event: 17.523 GC heap after
{Heap after GC invocations=61 (full 2):
 PSYoungGen      total 8192K, used 448K [0x00000000d5580000, 0x00000000d6300000, 0x0000000100000000)
  eden space 7168K, 0% used [0x00000000d5580000,0x00000000d5580000,0x00000000d5c80000)
  from space 1024K, 43% used [0x00000000d6100000,0x00000000d6170000,0x00000000d6200000)
  to   space 512K, 0% used [0x00000000d6280000,0x00000000d6280000,0x00000000d6300000)
 ParOldGen       total 80384K, used 80169K [0x0000000080000000, 0x0000000084e80000, 0x00000000d5580000)
  object space 80384K, 99% used [0x0000000080000000,0x0000000084e4a630,0x0000000084e80000)
 Metaspace       used 55436K, committed 56768K, reserved 1114112K
  class space    used 5973K, committed 6592K, reserved 1048576K
}
Event: 17.665 GC heap before
{Heap before GC invocations=62 (full 2):
 PSYoungGen      total 8192K, used 7616K [0x00000000d5580000, 0x00000000d6300000, 0x0000000100000000)
  eden space 7168K, 100% used [0x00000000d5580000,0x00000000d5c80000,0x00000000d5c80000)
  from space 1024K, 43% used [0x00000000d6100000,0x00000000d6170000,0x00000000d6200000)
  to   space 512K, 0% used [0x00000000d6280000,0x00000000d6280000,0x00000000d6300000)
 ParOldGen       total 80384K, used 80169K [0x0000000080000000, 0x0000000084e80000, 0x00000000d5580000)
  object space 80384K, 99% used [0x0000000080000000,0x0000000084e4a630,0x0000000084e80000)
 Metaspace       used 55493K, committed 56832K, reserved 1114112K
  class space    used 5977K, committed 6592K, reserved 1048576K
}
Event: 17.668 GC heap after
{Heap after GC invocations=62 (full 2):
 PSYoungGen      total 7680K, used 480K [0x00000000d5580000, 0x00000000d6300000, 0x0000000100000000)
  eden space 7168K, 0% used [0x00000000d5580000,0x00000000d5580000,0x00000000d5c80000)
  from space 512K, 93% used [0x00000000d6280000,0x00000000d62f8020,0x00000000d6300000)
  to   space 1024K, 0% used [0x00000000d6100000,0x00000000d6100000,0x00000000d6200000)
 ParOldGen       total 80896K, used 80501K [0x0000000080000000, 0x0000000084f00000, 0x00000000d5580000)
  object space 80896K, 99% used [0x0000000080000000,0x0000000084e9d660,0x0000000084f00000)
 Metaspace       used 55493K, committed 56832K, reserved 1114112K
  class space    used 5977K, committed 6592K, reserved 1048576K
}
Event: 17.801 GC heap before
{Heap before GC invocations=63 (full 2):
 PSYoungGen      total 7680K, used 7648K [0x00000000d5580000, 0x00000000d6300000, 0x0000000100000000)
  eden space 7168K, 100% used [0x00000000d5580000,0x00000000d5c80000,0x00000000d5c80000)
  from space 512K, 93% used [0x00000000d6280000,0x00000000d62f8020,0x00000000d6300000)
  to   space 1024K, 0% used [0x00000000d6100000,0x00000000d6100000,0x00000000d6200000)
 ParOldGen       total 80896K, used 80501K [0x0000000080000000, 0x0000000084f00000, 0x00000000d5580000)
  object space 80896K, 99% used [0x0000000080000000,0x0000000084e9d660,0x0000000084f00000)
 Metaspace       used 55556K, committed 56960K, reserved 1114112K
  class space    used 5981K, committed 6656K, reserved 1048576K
}
Event: 17.804 GC heap after
{Heap after GC invocations=63 (full 2):
 PSYoungGen      total 8192K, used 592K [0x00000000d5580000, 0x00000000d6300000, 0x0000000100000000)
  eden space 7168K, 0% used [0x00000000d5580000,0x00000000d5580000,0x00000000d5c80000)
  from space 1024K, 57% used [0x00000000d6100000,0x00000000d6194010,0x00000000d6200000)
  to   space 1024K, 0% used [0x00000000d6200000,0x00000000d6200000,0x00000000d6300000)
 ParOldGen       total 81408K, used 80933K [0x0000000080000000, 0x0000000084f80000, 0x00000000d5580000)
  object space 81408K, 99% used [0x0000000080000000,0x0000000084f09680,0x0000000084f80000)
 Metaspace       used 55556K, committed 56960K, reserved 1114112K
  class space    used 5981K, committed 6656K, reserved 1048576K
}
Event: 17.896 GC heap before
{Heap before GC invocations=64 (full 2):
 PSYoungGen      total 8192K, used 7760K [0x00000000d5580000, 0x00000000d6300000, 0x0000000100000000)
  eden space 7168K, 100% used [0x00000000d5580000,0x00000000d5c80000,0x00000000d5c80000)
  from space 1024K, 57% used [0x00000000d6100000,0x00000000d6194010,0x00000000d6200000)
  to   space 1024K, 0% used [0x00000000d6200000,0x00000000d6200000,0x00000000d6300000)
 ParOldGen       total 81408K, used 80933K [0x0000000080000000, 0x0000000084f80000, 0x00000000d5580000)
  object space 81408K, 99% used [0x0000000080000000,0x0000000084f09680,0x0000000084f80000)
 Metaspace       used 55631K, committed 57024K, reserved 1114112K
  class space    used 5985K, committed 6656K, reserved 1048576K
}
Event: 17.899 GC heap after
{Heap after GC invocations=64 (full 2):
 PSYoungGen      total 8192K, used 576K [0x00000000d5580000, 0x00000000d6300000, 0x0000000100000000)
  eden space 7168K, 0% used [0x00000000d5580000,0x00000000d5580000,0x00000000d5c80000)
  from space 1024K, 56% used [0x00000000d6200000,0x00000000d6290000,0x00000000d6300000)
  to   space 1024K, 0% used [0x00000000d6100000,0x00000000d6100000,0x00000000d6200000)
 ParOldGen       total 81408K, used 81365K [0x0000000080000000, 0x0000000084f80000, 0x00000000d5580000)
  object space 81408K, 99% used [0x0000000080000000,0x0000000084f756e0,0x0000000084f80000)
 Metaspace       used 55631K, committed 57024K, reserved 1114112K
  class space    used 5985K, committed 6656K, reserved 1048576K
}
Event: 18.023 GC heap before
{Heap before GC invocations=65 (full 2):
 PSYoungGen      total 8192K, used 7744K [0x00000000d5580000, 0x00000000d6300000, 0x0000000100000000)
  eden space 7168K, 100% used [0x00000000d5580000,0x00000000d5c80000,0x00000000d5c80000)
  from space 1024K, 56% used [0x00000000d6200000,0x00000000d6290000,0x00000000d6300000)
  to   space 1024K, 0% used [0x00000000d6100000,0x00000000d6100000,0x00000000d6200000)
 ParOldGen       total 81408K, used 81365K [0x0000000080000000, 0x0000000084f80000, 0x00000000d5580000)
  object space 81408K, 99% used [0x0000000080000000,0x0000000084f756e0,0x0000000084f80000)
 Metaspace       used 55710K, committed 57088K, reserved 1114112K
  class space    used 5990K, committed 6656K, reserved 1048576K
}
Event: 18.027 GC heap after
{Heap after GC invocations=65 (full 2):
 PSYoungGen      total 8192K, used 608K [0x00000000d5580000, 0x00000000d6280000, 0x0000000100000000)
  eden space 7168K, 0% used [0x00000000d5580000,0x00000000d5580000,0x00000000d5c80000)
  from space 1024K, 59% used [0x00000000d6100000,0x00000000d6198020,0x00000000d6200000)
  to   space 512K, 0% used [0x00000000d6200000,0x00000000d6200000,0x00000000d6280000)
 ParOldGen       total 81920K, used 81821K [0x0000000080000000, 0x0000000085000000, 0x00000000d5580000)
  object space 81920K, 99% used [0x0000000080000000,0x0000000084fe7740,0x0000000085000000)
 Metaspace       used 55710K, committed 57088K, reserved 1114112K
  class space    used 5990K, committed 6656K, reserved 1048576K
}
Event: 18.217 GC heap before
{Heap before GC invocations=66 (full 2):
 PSYoungGen      total 8192K, used 7776K [0x00000000d5580000, 0x00000000d6280000, 0x0000000100000000)
  eden space 7168K, 100% used [0x00000000d5580000,0x00000000d5c80000,0x00000000d5c80000)
  from space 1024K, 59% used [0x00000000d6100000,0x00000000d6198020,0x00000000d6200000)
  to   space 512K, 0% used [0x00000000d6200000,0x00000000d6200000,0x00000000d6280000)
 ParOldGen       total 81920K, used 81821K [0x0000000080000000, 0x0000000085000000, 0x00000000d5580000)
  object space 81920K, 99% used [0x0000000080000000,0x0000000084fe7740,0x0000000085000000)
 Metaspace       used 55784K, committed 57216K, reserved 1114112K
  class space    used 5990K, committed 6656K, reserved 1048576K
}
Event: 18.220 GC heap after
{Heap after GC invocations=66 (full 2):
 PSYoungGen      total 7680K, used 480K [0x00000000d5580000, 0x00000000d6280000, 0x0000000100000000)
  eden space 7168K, 0% used [0x00000000d5580000,0x00000000d5580000,0x00000000d5c80000)
  from space 512K, 93% used [0x00000000d6200000,0x00000000d6278010,0x00000000d6280000)
  to   space 1536K, 0% used [0x00000000d5f80000,0x00000000d5f80000,0x00000000d6100000)
 ParOldGen       total 82432K, used 82413K [0x0000000080000000, 0x0000000085080000, 0x00000000d5580000)
  object space 82432K, 99% used [0x0000000080000000,0x000000008507b7b0,0x0000000085080000)
 Metaspace       used 55784K, committed 57216K, reserved 1114112K
  class space    used 5990K, committed 6656K, reserved 1048576K
}
Event: 18.324 GC heap before
{Heap before GC invocations=67 (full 2):
 PSYoungGen      total 7680K, used 7621K [0x00000000d5580000, 0x00000000d6280000, 0x0000000100000000)
  eden space 7168K, 99% used [0x00000000d5580000,0x00000000d5c79608,0x00000000d5c80000)
  from space 512K, 93% used [0x00000000d6200000,0x00000000d6278010,0x00000000d6280000)
  to   space 1536K, 0% used [0x00000000d5f80000,0x00000000d5f80000,0x00000000d6100000)
 ParOldGen       total 82432K, used 82413K [0x0000000080000000, 0x0000000085080000, 0x00000000d5580000)
  object space 82432K, 99% used [0x0000000080000000,0x000000008507b7b0,0x0000000085080000)
 Metaspace       used 55798K, committed 57216K, reserved 1114112K
  class space    used 5990K, committed 6656K, reserved 1048576K
}
Event: 18.328 GC heap after
{Heap after GC invocations=67 (full 2):
 PSYoungGen      total 8704K, used 480K [0x00000000d5580000, 0x00000000d6280000, 0x0000000100000000)
  eden space 7168K, 0% used [0x00000000d5580000,0x00000000d5580000,0x00000000d5c80000)
  from space 1536K, 31% used [0x00000000d5f80000,0x00000000d5ff8010,0x00000000d6100000)
  to   space 1024K, 0% used [0x00000000d6180000,0x00000000d6180000,0x00000000d6280000)
 ParOldGen       total 82944K, used 82853K [0x0000000080000000, 0x0000000085100000, 0x00000000d5580000)
  object space 82944K, 99% used [0x0000000080000000,0x00000000850e97d0,0x0000000085100000)
 Metaspace       used 55798K, committed 57216K, reserved 1114112K
  class space    used 5990K, committed 6656K, reserved 1048576K
}

