# JRE version: OpenJDK Runtime Environment Temurin-21.0.10+7 (21.0.10+7) (build 21.0.10+7-LTS)
# Java VM: OpenJDK 64-Bit Server VM Temurin-21.0.10+7 (21.0.10+7-LTS, mixed mode, sharing, tiered, compressed oops, compressed class ptrs, parallel gc, windows-amd64)
GC Precious Log:
 CardTable entry size: 512
 CPUs: 12 total, 12 available
 Memory: 15713M
 Large Page Support: Disabled
 NUMA Support: Disabled
 Compressed Oops: Enabled (32-bit)
 Alignments: Space 512K, Generation 512K, Heap 2M
 Heap Min Capacity: 100M
 Heap Initial Capacity: 100M
 Heap Max Capacity: 2G
 Pre-touch: Disabled
 Parallel Workers: 10
Heap:
 PSYoungGen      total 3072K, used 548K [0x00000000d5580000, 0x00000000d5980000, 0x0000000100000000)
  eden space 2560K, 12% used [0x00000000d5580000,0x00000000d55d1018,0x00000000d5800000)
  from space 512K, 43% used [0x00000000d5900000,0x00000000d5938000,0x00000000d5980000)
  to   space 512K, 0% used [0x00000000d5880000,0x00000000d5880000,0x00000000d5900000)
 ParOldGen       total 461312K, used 107454K [0x0000000080000000, 0x000000009c280000, 0x00000000d5580000)
  object space 461312K, 23% used [0x0000000080000000,0x00000000868efb00,0x000000009c280000)
 Metaspace       used 72067K, committed 73728K, reserved 1179648K
  class space    used 7297K, committed 8064K, reserved 1048576K
GC Heap History (20 events):
Event: 141.166 GC heap before
{Heap before GC invocations=727 (full 3):
 PSYoungGen      total 3072K, used 2944K [0x00000000d5580000, 0x00000000d5a00000, 0x0000000100000000)
  eden space 2560K, 100% used [0x00000000d5580000,0x00000000d5800000,0x00000000d5800000)
  from space 512K, 75% used [0x00000000d5880000,0x00000000d58e0010,0x00000000d5900000)
  to   space 512K, 0% used [0x00000000d5980000,0x00000000d5980000,0x00000000d5a00000)
 ParOldGen       total 429568K, used 429242K [0x0000000080000000, 0x000000009a380000, 0x00000000d5580000)
  object space 429568K, 99% used [0x0000000080000000,0x000000009a32ea50,0x000000009a380000)
 Metaspace       used 72015K, committed 73664K, reserved 1179648K
  class space    used 7298K, committed 8064K, reserved 1048576K
}
Event: 141.169 GC heap after
{Heap after GC invocations=727 (full 3):
 PSYoungGen      total 3072K, used 320K [0x00000000d5580000, 0x00000000d5a00000, 0x0000000100000000)
  eden space 2560K, 0% used [0x00000000d5580000,0x00000000d5580000,0x00000000d5800000)
  from space 512K, 62% used [0x00000000d5980000,0x00000000d59d0010,0x00000000d5a00000)
  to   space 512K, 0% used [0x00000000d5880000,0x00000000d5880000,0x00000000d5900000)
 ParOldGen       total 429568K, used 429459K [0x0000000080000000, 0x000000009a380000, 0x00000000d5580000)
  object space 429568K, 99% used [0x0000000080000000,0x000000009a364ce0,0x000000009a380000)
 Metaspace       used 72015K, committed 73664K, reserved 1179648K
  class space    used 7298K, committed 8064K, reserved 1048576K
}
Event: 141.279 GC heap before
{Heap before GC invocations=728 (full 3):
 PSYoungGen      total 3072K, used 2880K [0x00000000d5580000, 0x00000000d5a00000, 0x0000000100000000)
  eden space 2560K, 100% used [0x00000000d5580000,0x00000000d5800000,0x00000000d5800000)
  from space 512K, 62% used [0x00000000d5980000,0x00000000d59d0010,0x00000000d5a00000)
  to   space 512K, 0% used [0x00000000d5880000,0x00000000d5880000,0x00000000d5900000)
 ParOldGen       total 449536K, used 448659K [0x0000000080000000, 0x000000009b700000, 0x00000000d5580000)
  object space 449536K, 99% used [0x0000000080000000,0x000000009b624d00,0x000000009b700000)
 Metaspace       used 72030K, committed 73728K, reserved 1179648K
  class space    used 7299K, committed 8064K, reserved 1048576K
}
Event: 141.281 GC heap after
{Heap after GC invocations=728 (full 3):
 PSYoungGen      total 3072K, used 336K [0x00000000d5580000, 0x00000000d5a00000, 0x0000000100000000)
  eden space 2560K, 0% used [0x00000000d5580000,0x00000000d5580000,0x00000000d5800000)
  from space 512K, 65% used [0x00000000d5880000,0x00000000d58d4010,0x00000000d5900000)
  to   space 512K, 0% used [0x00000000d5980000,0x00000000d5980000,0x00000000d5a00000)
 ParOldGen       total 449536K, used 448859K [0x0000000080000000, 0x000000009b700000, 0x00000000d5580000)
  object space 449536K, 99% used [0x0000000080000000,0x000000009b656d30,0x000000009b700000)
 Metaspace       used 72030K, committed 73728K, reserved 1179648K
  class space    used 7299K, committed 8064K, reserved 1048576K
}
Event: 141.396 GC heap before
{Heap before GC invocations=729 (full 3):
 PSYoungGen      total 3072K, used 2896K [0x00000000d5580000, 0x00000000d5a00000, 0x0000000100000000)
  eden space 2560K, 100% used [0x00000000d5580000,0x00000000d5800000,0x00000000d5800000)
  from space 512K, 65% used [0x00000000d5880000,0x00000000d58d4010,0x00000000d5900000)
  to   space 512K, 0% used [0x00000000d5980000,0x00000000d5980000,0x00000000d5a00000)
 ParOldGen       total 461312K, used 460379K [0x0000000080000000, 0x000000009c280000, 0x00000000d5580000)
  object space 461312K, 99% used [0x0000000080000000,0x000000009c196d40,0x000000009c280000)
 Metaspace       used 72030K, committed 73728K, reserved 1179648K
  class space    used 7299K, committed 8064K, reserved 1048576K
}
Event: 141.398 GC heap after
{Heap after GC invocations=729 (full 3):
 PSYoungGen      total 3072K, used 384K [0x00000000d5580000, 0x00000000d5a00000, 0x0000000100000000)
  eden space 2560K, 0% used [0x00000000d5580000,0x00000000d5580000,0x00000000d5800000)
  from space 512K, 75% used [0x00000000d5980000,0x00000000d59e0000,0x00000000d5a00000)
  to   space 512K, 0% used [0x00000000d5880000,0x00000000d5880000,0x00000000d5900000)
 ParOldGen       total 461312K, used 460619K [0x0000000080000000, 0x000000009c280000, 0x00000000d5580000)
  object space 461312K, 99% used [0x0000000080000000,0x000000009c1d2d90,0x000000009c280000)
 Metaspace       used 72030K, committed 73728K, reserved 1179648K
  class space    used 7299K, committed 8064K, reserved 1048576K
}
Event: 141.451 GC heap before
{Heap before GC invocations=730 (full 3):
 PSYoungGen      total 3072K, used 2944K [0x00000000d5580000, 0x00000000d5a00000, 0x0000000100000000)
  eden space 2560K, 100% used [0x00000000d5580000,0x00000000d5800000,0x00000000d5800000)
  from space 512K, 75% used [0x00000000d5980000,0x00000000d59e0000,0x00000000d5a00000)
  to   space 512K, 0% used [0x00000000d5880000,0x00000000d5880000,0x00000000d5900000)
 ParOldGen       total 461312K, used 460619K [0x0000000080000000, 0x000000009c280000, 0x00000000d5580000)
  object space 461312K, 99% used [0x0000000080000000,0x000000009c1d2d90,0x000000009c280000)
 Metaspace       used 72030K, committed 73728K, reserved 1179648K
  class space    used 7299K, committed 8064K, reserved 1048576K
}
Event: 141.454 GC heap after
{Heap after GC invocations=730 (full 3):
 PSYoungGen      total 3072K, used 320K [0x00000000d5580000, 0x00000000d5a00000, 0x0000000100000000)
  eden space 2560K, 0% used [0x00000000d5580000,0x00000000d5580000,0x00000000d5800000)
  from space 512K, 62% used [0x00000000d5880000,0x00000000d58d0000,0x00000000d5900000)
  to   space 512K, 0% used [0x00000000d5980000,0x00000000d5980000,0x00000000d5a00000)
 ParOldGen       total 461312K, used 460835K [0x0000000080000000, 0x000000009c280000, 0x00000000d5580000)
  object space 461312K, 99% used [0x0000000080000000,0x000000009c208d90,0x000000009c280000)
 Metaspace       used 72030K, committed 73728K, reserved 1179648K
  class space    used 7299K, committed 8064K, reserved 1048576K
}
Event: 141.570 GC heap before
{Heap before GC invocations=731 (full 3):
 PSYoungGen      total 3072K, used 2880K [0x00000000d5580000, 0x00000000d5a00000, 0x0000000100000000)
  eden space 2560K, 100% used [0x00000000d5580000,0x00000000d5800000,0x00000000d5800000)
  from space 512K, 62% used [0x00000000d5880000,0x00000000d58d0000,0x00000000d5900000)
  to   space 512K, 0% used [0x00000000d5980000,0x00000000d5980000,0x00000000d5a00000)
 ParOldGen       total 461312K, used 460835K [0x0000000080000000, 0x000000009c280000, 0x00000000d5580000)
  object space 461312K, 99% used [0x0000000080000000,0x000000009c208d90,0x000000009c280000)
 Metaspace       used 72036K, committed 73728K, reserved 1179648K
  class space    used 7299K, committed 8064K, reserved 1048576K
}
Event: 141.573 GC heap after
{Heap after GC invocations=731 (full 3):
 PSYoungGen      total 3072K, used 352K [0x00000000d5580000, 0x00000000d5a00000, 0x0000000100000000)
  eden space 2560K, 0% used [0x00000000d5580000,0x00000000d5580000,0x00000000d5800000)
  from space 512K, 68% used [0x00000000d5980000,0x00000000d59d8000,0x00000000d5a00000)
  to   space 512K, 0% used [0x00000000d5880000,0x00000000d5880000,0x00000000d5900000)
 ParOldGen       total 461312K, used 460963K [0x0000000080000000, 0x000000009c280000, 0x00000000d5580000)
  object space 461312K, 99% used [0x0000000080000000,0x000000009c228db0,0x000000009c280000)
 Metaspace       used 72036K, committed 73728K, reserved 1179648K
  class space    used 7299K, committed 8064K, reserved 1048576K
}
Event: 141.659 GC heap before
{Heap before GC invocations=732 (full 3):
 PSYoungGen      total 3072K, used 2021K [0x00000000d5580000, 0x00000000d5a00000, 0x0000000100000000)
  eden space 2560K, 65% used [0x00000000d5580000,0x00000000d5721628,0x00000000d5800000)
  from space 512K, 68% used [0x00000000d5980000,0x00000000d59d8000,0x00000000d5a00000)
  to   space 512K, 0% used [0x00000000d5880000,0x00000000d5880000,0x00000000d5900000)
 ParOldGen       total 461312K, used 460963K [0x0000000080000000, 0x000000009c280000, 0x00000000d5580000)
  object space 461312K, 99% used [0x0000000080000000,0x000000009c228db0,0x000000009c280000)
 Metaspace       used 72036K, committed 73728K, reserved 1179648K
  class space    used 7299K, committed 8064K, reserved 1048576K
}
Event: 141.663 GC heap after
{Heap after GC invocations=732 (full 3):
 PSYoungGen      total 3072K, used 448K [0x00000000d5580000, 0x00000000d5a00000, 0x0000000100000000)
  eden space 2560K, 0% used [0x00000000d5580000,0x00000000d5580000,0x00000000d5800000)
  from space 512K, 87% used [0x00000000d5880000,0x00000000d58f0000,0x00000000d5900000)
  to   space 512K, 0% used [0x00000000d5980000,0x00000000d5980000,0x00000000d5a00000)
 ParOldGen       total 461312K, used 461195K [0x0000000080000000, 0x000000009c280000, 0x00000000d5580000)
  object space 461312K, 99% used [0x0000000080000000,0x000000009c262dd0,0x000000009c280000)
 Metaspace       used 72036K, committed 73728K, reserved 1179648K
  class space    used 7299K, committed 8064K, reserved 1048576K
}
Event: 141.663 GC heap before
{Heap before GC invocations=733 (full 4):
 PSYoungGen      total 3072K, used 448K [0x00000000d5580000, 0x00000000d5a00000, 0x0000000100000000)
  eden space 2560K, 0% used [0x00000000d5580000,0x00000000d5580000,0x00000000d5800000)
  from space 512K, 87% used [0x00000000d5880000,0x00000000d58f0000,0x00000000d5900000)
  to   space 512K, 0% used [0x00000000d5980000,0x00000000d5980000,0x00000000d5a00000)
 ParOldGen       total 461312K, used 461195K [0x0000000080000000, 0x000000009c280000, 0x00000000d5580000)
  object space 461312K, 99% used [0x0000000080000000,0x000000009c262dd0,0x000000009c280000)
 Metaspace       used 72036K, committed 73728K, reserved 1179648K
  class space    used 7299K, committed 8064K, reserved 1048576K
}
Event: 142.060 GC heap after
{Heap after GC invocations=733 (full 4):
 PSYoungGen      total 3072K, used 0K [0x00000000d5580000, 0x00000000d5a00000, 0x0000000100000000)
  eden space 2560K, 0% used [0x00000000d5580000,0x00000000d5580000,0x00000000d5800000)
  from space 512K, 0% used [0x00000000d5880000,0x00000000d5880000,0x00000000d5900000)
  to   space 512K, 0% used [0x00000000d5980000,0x00000000d5980000,0x00000000d5a00000)
 ParOldGen       total 461312K, used 106911K [0x0000000080000000, 0x000000009c280000, 0x00000000d5580000)
  object space 461312K, 23% used [0x0000000080000000,0x0000000086867cd8,0x000000009c280000)
 Metaspace       used 72030K, committed 73728K, reserved 1179648K
  class space    used 7297K, committed 8064K, reserved 1048576K
}
Event: 142.119 GC heap before
{Heap before GC invocations=734 (full 4):
 PSYoungGen      total 3072K, used 2560K [0x00000000d5580000, 0x00000000d5a00000, 0x0000000100000000)
  eden space 2560K, 100% used [0x00000000d5580000,0x00000000d5800000,0x00000000d5800000)
  from space 512K, 0% used [0x00000000d5880000,0x00000000d5880000,0x00000000d5900000)
  to   space 512K, 0% used [0x00000000d5980000,0x00000000d5980000,0x00000000d5a00000)
 ParOldGen       total 461312K, used 106911K [0x0000000080000000, 0x000000009c280000, 0x00000000d5580000)
  object space 461312K, 23% used [0x0000000080000000,0x0000000086867cd8,0x000000009c280000)
 Metaspace       used 72030K, committed 73728K, reserved 1179648K
  class space    used 7297K, committed 8064K, reserved 1048576K
}
Event: 142.121 GC heap after
{Heap after GC invocations=734 (full 4):
 PSYoungGen      total 3072K, used 288K [0x00000000d5580000, 0x00000000d5a00000, 0x0000000100000000)
  eden space 2560K, 0% used [0x00000000d5580000,0x00000000d5580000,0x00000000d5800000)
  from space 512K, 56% used [0x00000000d5980000,0x00000000d59c8000,0x00000000d5a00000)
  to   space 512K, 0% used [0x00000000d5880000,0x00000000d5880000,0x00000000d5900000)
 ParOldGen       total 461312K, used 106911K [0x0000000080000000, 0x000000009c280000, 0x00000000d5580000)
  object space 461312K, 23% used [0x0000000080000000,0x0000000086867cd8,0x000000009c280000)
 Metaspace       used 72030K, committed 73728K, reserved 1179648K
  class space    used 7297K, committed 8064K, reserved 1048576K
}
Event: 142.218 GC heap before
{Heap before GC invocations=735 (full 4):
 PSYoungGen      total 3072K, used 2848K [0x00000000d5580000, 0x00000000d5a00000, 0x0000000100000000)
  eden space 2560K, 100% used [0x00000000d5580000,0x00000000d5800000,0x00000000d5800000)
  from space 512K, 56% used [0x00000000d5980000,0x00000000d59c8000,0x00000000d5a00000)
  to   space 512K, 0% used [0x00000000d5880000,0x00000000d5880000,0x00000000d5900000)
 ParOldGen       total 461312K, used 106911K [0x0000000080000000, 0x000000009c280000, 0x00000000d5580000)
  object space 461312K, 23% used [0x0000000080000000,0x0000000086867cd8,0x000000009c280000)
 Metaspace       used 72034K, committed 73728K, reserved 1179648K
  class space    used 7297K, committed 8064K, reserved 1048576K
}
Event: 142.220 GC heap after
{Heap after GC invocations=735 (full 4):
 PSYoungGen      total 3072K, used 480K [0x00000000d5580000, 0x00000000d5a00000, 0x0000000100000000)
  eden space 2560K, 0% used [0x00000000d5580000,0x00000000d5580000,0x00000000d5800000)
  from space 512K, 93% used [0x00000000d5880000,0x00000000d58f8020,0x00000000d5900000)
  to   space 1024K, 0% used [0x00000000d5900000,0x00000000d5900000,0x00000000d5a00000)
 ParOldGen       total 461312K, used 107071K [0x0000000080000000, 0x000000009c280000, 0x00000000d5580000)
  object space 461312K, 23% used [0x0000000080000000,0x000000008688fcd8,0x000000009c280000)
 Metaspace       used 72034K, committed 73728K, reserved 1179648K
  class space    used 7297K, committed 8064K, reserved 1048576K
}
Event: 142.507 GC heap before
{Heap before GC invocations=736 (full 4):
 PSYoungGen      total 3072K, used 3040K [0x00000000d5580000, 0x00000000d5a00000, 0x0000000100000000)
  eden space 2560K, 99% used [0x00000000d5580000,0x00000000d57ffff0,0x00000000d5800000)
  from space 512K, 93% used [0x00000000d5880000,0x00000000d58f8020,0x00000000d5900000)
  to   space 1024K, 0% used [0x00000000d5900000,0x00000000d5900000,0x00000000d5a00000)
 ParOldGen       total 461312K, used 107071K [0x0000000080000000, 0x000000009c280000, 0x00000000d5580000)
  object space 461312K, 23% used [0x0000000080000000,0x000000008688fcd8,0x000000009c280000)
 Metaspace       used 72046K, committed 73728K, reserved 1179648K
  class space    used 7297K, committed 8064K, reserved 1048576K
}
Event: 142.510 GC heap after
{Heap after GC invocations=736 (full 4):
 PSYoungGen      total 3072K, used 224K [0x00000000d5580000, 0x00000000d5980000, 0x0000000100000000)
  eden space 2560K, 0% used [0x00000000d5580000,0x00000000d5580000,0x00000000d5800000)
  from space 512K, 43% used [0x00000000d5900000,0x00000000d5938000,0x00000000d5980000)
  to   space 512K, 0% used [0x00000000d5880000,0x00000000d5880000,0x00000000d5900000)
 ParOldGen       total 461312K, used 107454K [0x0000000080000000, 0x000000009c280000, 0x00000000d5580000)
  object space 461312K, 23% used [0x0000000080000000,0x00000000868efb00,0x000000009c280000)
 Metaspace       used 72046K, committed 73728K, reserved 1179648K
  class space    used 7297K, committed 8064K, reserved 1048576K
}

