# JRE version: OpenJDK Runtime Environment Temurin-21.0.10+7 (21.0.10+7) (build 21.0.10+7-LTS)
# Java VM: OpenJDK 64-Bit Server VM Temurin-21.0.10+7 (21.0.10+7-LTS, mixed mode, sharing, tiered, compressed oops, compressed class ptrs, parallel gc, windows-amd64)
GC Precious Log:
 CardTable entry size: 512
 CPUs: 12 total, 12 available
 Memory: 15713M
 Large Page Support: Disabled
 NUMA Support: Disabled
 Compressed Oops: Enabled (32-bit)
 Alignments: Space 512K, Generation 512K, Heap 2M
 Heap Min Capacity: 100M
 Heap Initial Capacity: 100M
 Heap Max Capacity: 2G
 Pre-touch: Disabled
 Parallel Workers: 10
Heap:
 PSYoungGen      total 5632K, used 5516K [0x00000000d5580000, 0x00000000d5c00000, 0x0000000100000000)
  eden space 4608K, 100% used [0x00000000d5580000,0x00000000d5a00000,0x00000000d5a00000)
  from space 1024K, 88% used [0x00000000d5b00000,0x00000000d5be3178,0x00000000d5c00000)
  to   space 1024K, 93% used [0x00000000d5a00000,0x00000000d5af0010,0x00000000d5b00000)
 ParOldGen       total 128512K, used 121940K [0x0000000080000000, 0x0000000087d80000, 0x00000000d5580000)
  object space 128512K, 94% used [0x0000000080000000,0x000000008771ed88,0x0000000087d80000)
 Metaspace       used 71239K, committed 72832K, reserved 1114112K
  class space    used 7250K, committed 7936K, reserved 1048576K
GC Heap History (20 events):
Event: 66.291 GC heap before
{Heap before GC invocations=393 (full 4):
 PSYoungGen      total 5632K, used 5184K [0x00000000d5580000, 0x00000000d5c00000, 0x0000000100000000)
  eden space 4608K, 100% used [0x00000000d5580000,0x00000000d5a00000,0x00000000d5a00000)
  from space 1024K, 56% used [0x00000000d5b00000,0x00000000d5b90000,0x00000000d5c00000)
  to   space 1024K, 0% used [0x00000000d5a00000,0x00000000d5a00000,0x00000000d5b00000)
 ParOldGen       total 128512K, used 118109K [0x0000000080000000, 0x0000000087d80000, 0x00000000d5580000)
  object space 128512K, 91% used [0x0000000080000000,0x00000000873574d0,0x0000000087d80000)
 Metaspace       used 71145K, committed 72768K, reserved 1114112K
  class space    used 7248K, committed 7936K, reserved 1048576K
}
Event: 66.293 GC heap after
{Heap after GC invocations=393 (full 4):
 PSYoungGen      total 5632K, used 416K [0x00000000d5580000, 0x00000000d5b80000, 0x0000000100000000)
  eden space 4608K, 0% used [0x00000000d5580000,0x00000000d5580000,0x00000000d5a00000)
  from space 1024K, 40% used [0x00000000d5a00000,0x00000000d5a68000,0x00000000d5b00000)
  to   space 512K, 0% used [0x00000000d5b00000,0x00000000d5b00000,0x00000000d5b80000)
 ParOldGen       total 128512K, used 118493K [0x0000000080000000, 0x0000000087d80000, 0x00000000d5580000)
  object space 128512K, 92% used [0x0000000080000000,0x00000000873b74f0,0x0000000087d80000)
 Metaspace       used 71145K, committed 72768K, reserved 1114112K
  class space    used 7248K, committed 7936K, reserved 1048576K
}
Event: 66.365 GC heap before
{Heap before GC invocations=394 (full 4):
 PSYoungGen      total 5632K, used 5024K [0x00000000d5580000, 0x00000000d5b80000, 0x0000000100000000)
  eden space 4608K, 100% used [0x00000000d5580000,0x00000000d5a00000,0x00000000d5a00000)
  from space 1024K, 40% used [0x00000000d5a00000,0x00000000d5a68000,0x00000000d5b00000)
  to   space 512K, 0% used [0x00000000d5b00000,0x00000000d5b00000,0x00000000d5b80000)
 ParOldGen       total 128512K, used 118493K [0x0000000080000000, 0x0000000087d80000, 0x00000000d5580000)
  object space 128512K, 92% used [0x0000000080000000,0x00000000873b74f0,0x0000000087d80000)
 Metaspace       used 71147K, committed 72768K, reserved 1114112K
  class space    used 7248K, committed 7936K, reserved 1048576K
}
Event: 66.366 GC heap after
{Heap after GC invocations=394 (full 4):
 PSYoungGen      total 5120K, used 416K [0x00000000d5580000, 0x00000000d5b80000, 0x0000000100000000)
  eden space 4608K, 0% used [0x00000000d5580000,0x00000000d5580000,0x00000000d5a00000)
  from space 512K, 81% used [0x00000000d5b00000,0x00000000d5b68000,0x00000000d5b80000)
  to   space 512K, 0% used [0x00000000d5a80000,0x00000000d5a80000,0x00000000d5b00000)
 ParOldGen       total 128512K, used 118782K [0x0000000080000000, 0x0000000087d80000, 0x00000000d5580000)
  object space 128512K, 92% used [0x0000000080000000,0x00000000873ffb88,0x0000000087d80000)
 Metaspace       used 71147K, committed 72768K, reserved 1114112K
  class space    used 7248K, committed 7936K, reserved 1048576K
}
Event: 66.393 GC heap before
{Heap before GC invocations=395 (full 4):
 PSYoungGen      total 5120K, used 5024K [0x00000000d5580000, 0x00000000d5b80000, 0x0000000100000000)
  eden space 4608K, 100% used [0x00000000d5580000,0x00000000d5a00000,0x00000000d5a00000)
  from space 512K, 81% used [0x00000000d5b00000,0x00000000d5b68000,0x00000000d5b80000)
  to   space 512K, 0% used [0x00000000d5a80000,0x00000000d5a80000,0x00000000d5b00000)
 ParOldGen       total 128512K, used 118782K [0x0000000080000000, 0x0000000087d80000, 0x00000000d5580000)
  object space 128512K, 92% used [0x0000000080000000,0x00000000873ffb88,0x0000000087d80000)
 Metaspace       used 71147K, committed 72768K, reserved 1114112K
  class space    used 7248K, committed 7936K, reserved 1048576K
}
Event: 66.395 GC heap after
{Heap after GC invocations=395 (full 4):
 PSYoungGen      total 5120K, used 384K [0x00000000d5580000, 0x00000000d5b80000, 0x0000000100000000)
  eden space 4608K, 0% used [0x00000000d5580000,0x00000000d5580000,0x00000000d5a00000)
  from space 512K, 75% used [0x00000000d5a80000,0x00000000d5ae0020,0x00000000d5b00000)
  to   space 512K, 0% used [0x00000000d5b00000,0x00000000d5b00000,0x00000000d5b80000)
 ParOldGen       total 128512K, used 119038K [0x0000000080000000, 0x0000000087d80000, 0x00000000d5580000)
  object space 128512K, 92% used [0x0000000080000000,0x000000008743fb88,0x0000000087d80000)
 Metaspace       used 71147K, committed 72768K, reserved 1114112K
  class space    used 7248K, committed 7936K, reserved 1048576K
}
Event: 66.481 GC heap before
{Heap before GC invocations=396 (full 4):
 PSYoungGen      total 5120K, used 4992K [0x00000000d5580000, 0x00000000d5b80000, 0x0000000100000000)
  eden space 4608K, 100% used [0x00000000d5580000,0x00000000d5a00000,0x00000000d5a00000)
  from space 512K, 75% used [0x00000000d5a80000,0x00000000d5ae0020,0x00000000d5b00000)
  to   space 512K, 0% used [0x00000000d5b00000,0x00000000d5b00000,0x00000000d5b80000)
 ParOldGen       total 128512K, used 119038K [0x0000000080000000, 0x0000000087d80000, 0x00000000d5580000)
  object space 128512K, 92% used [0x0000000080000000,0x000000008743fb88,0x0000000087d80000)
 Metaspace       used 71148K, committed 72768K, reserved 1114112K
  class space    used 7248K, committed 7936K, reserved 1048576K
}
Event: 66.482 GC heap after
{Heap after GC invocations=396 (full 4):
 PSYoungGen      total 5120K, used 416K [0x00000000d5580000, 0x00000000d5b80000, 0x0000000100000000)
  eden space 4608K, 0% used [0x00000000d5580000,0x00000000d5580000,0x00000000d5a00000)
  from space 512K, 81% used [0x00000000d5b00000,0x00000000d5b68000,0x00000000d5b80000)
  to   space 512K, 0% used [0x00000000d5a80000,0x00000000d5a80000,0x00000000d5b00000)
 ParOldGen       total 128512K, used 119254K [0x0000000080000000, 0x0000000087d80000, 0x00000000d5580000)
  object space 128512K, 92% used [0x0000000080000000,0x0000000087475ba8,0x0000000087d80000)
 Metaspace       used 71148K, committed 72768K, reserved 1114112K
  class space    used 7248K, committed 7936K, reserved 1048576K
}
Event: 66.528 GC heap before
{Heap before GC invocations=397 (full 4):
 PSYoungGen      total 5120K, used 5024K [0x00000000d5580000, 0x00000000d5b80000, 0x0000000100000000)
  eden space 4608K, 100% used [0x00000000d5580000,0x00000000d5a00000,0x00000000d5a00000)
  from space 512K, 81% used [0x00000000d5b00000,0x00000000d5b68000,0x00000000d5b80000)
  to   space 512K, 0% used [0x00000000d5a80000,0x00000000d5a80000,0x00000000d5b00000)
 ParOldGen       total 128512K, used 119254K [0x0000000080000000, 0x0000000087d80000, 0x00000000d5580000)
  object space 128512K, 92% used [0x0000000080000000,0x0000000087475ba8,0x0000000087d80000)
 Metaspace       used 71173K, committed 72768K, reserved 1114112K
  class space    used 7248K, committed 7936K, reserved 1048576K
}
Event: 66.531 GC heap after
{Heap after GC invocations=397 (full 4):
 PSYoungGen      total 5120K, used 416K [0x00000000d5580000, 0x00000000d5b80000, 0x0000000100000000)
  eden space 4608K, 0% used [0x00000000d5580000,0x00000000d5580000,0x00000000d5a00000)
  from space 512K, 81% used [0x00000000d5a80000,0x00000000d5ae8000,0x00000000d5b00000)
  to   space 512K, 0% used [0x00000000d5b00000,0x00000000d5b00000,0x00000000d5b80000)
 ParOldGen       total 128512K, used 119528K [0x0000000080000000, 0x0000000087d80000, 0x00000000d5580000)
  object space 128512K, 93% used [0x0000000080000000,0x00000000874ba068,0x0000000087d80000)
 Metaspace       used 71173K, committed 72768K, reserved 1114112K
  class space    used 7248K, committed 7936K, reserved 1048576K
}
Event: 66.597 GC heap before
{Heap before GC invocations=398 (full 4):
 PSYoungGen      total 5120K, used 5024K [0x00000000d5580000, 0x00000000d5b80000, 0x0000000100000000)
  eden space 4608K, 100% used [0x00000000d5580000,0x00000000d5a00000,0x00000000d5a00000)
  from space 512K, 81% used [0x00000000d5a80000,0x00000000d5ae8000,0x00000000d5b00000)
  to   space 512K, 0% used [0x00000000d5b00000,0x00000000d5b00000,0x00000000d5b80000)
 ParOldGen       total 128512K, used 119528K [0x0000000080000000, 0x0000000087d80000, 0x00000000d5580000)
  object space 128512K, 93% used [0x0000000080000000,0x00000000874ba068,0x0000000087d80000)
 Metaspace       used 71186K, committed 72768K, reserved 1114112K
  class space    used 7248K, committed 7936K, reserved 1048576K
}
Event: 66.599 GC heap after
{Heap after GC invocations=398 (full 4):
 PSYoungGen      total 5120K, used 384K [0x00000000d5580000, 0x00000000d5b80000, 0x0000000100000000)
  eden space 4608K, 0% used [0x00000000d5580000,0x00000000d5580000,0x00000000d5a00000)
  from space 512K, 75% used [0x00000000d5b00000,0x00000000d5b60000,0x00000000d5b80000)
  to   space 512K, 0% used [0x00000000d5a80000,0x00000000d5a80000,0x00000000d5b00000)
 ParOldGen       total 128512K, used 119784K [0x0000000080000000, 0x0000000087d80000, 0x00000000d5580000)
  object space 128512K, 93% used [0x0000000080000000,0x00000000874fa088,0x0000000087d80000)
 Metaspace       used 71186K, committed 72768K, reserved 1114112K
  class space    used 7248K, committed 7936K, reserved 1048576K
}
Event: 66.660 GC heap before
{Heap before GC invocations=399 (full 4):
 PSYoungGen      total 5120K, used 4992K [0x00000000d5580000, 0x00000000d5b80000, 0x0000000100000000)
  eden space 4608K, 100% used [0x00000000d5580000,0x00000000d5a00000,0x00000000d5a00000)
  from space 512K, 75% used [0x00000000d5b00000,0x00000000d5b60000,0x00000000d5b80000)
  to   space 512K, 0% used [0x00000000d5a80000,0x00000000d5a80000,0x00000000d5b00000)
 ParOldGen       total 128512K, used 119784K [0x0000000080000000, 0x0000000087d80000, 0x00000000d5580000)
  object space 128512K, 93% used [0x0000000080000000,0x00000000874fa088,0x0000000087d80000)
 Metaspace       used 71189K, committed 72768K, reserved 1114112K
  class space    used 7248K, committed 7936K, reserved 1048576K
}
Event: 66.662 GC heap after
{Heap after GC invocations=399 (full 4):
 PSYoungGen      total 5120K, used 384K [0x00000000d5580000, 0x00000000d5b80000, 0x0000000100000000)
  eden space 4608K, 0% used [0x00000000d5580000,0x00000000d5580000,0x00000000d5a00000)
  from space 512K, 75% used [0x00000000d5a80000,0x00000000d5ae0000,0x00000000d5b00000)
  to   space 512K, 0% used [0x00000000d5b00000,0x00000000d5b00000,0x00000000d5b80000)
 ParOldGen       total 128512K, used 120104K [0x0000000080000000, 0x0000000087d80000, 0x00000000d5580000)
  object space 128512K, 93% used [0x0000000080000000,0x000000008754a0c8,0x0000000087d80000)
 Metaspace       used 71189K, committed 72768K, reserved 1114112K
  class space    used 7248K, committed 7936K, reserved 1048576K
}
Event: 66.836 GC heap before
{Heap before GC invocations=400 (full 4):
 PSYoungGen      total 5120K, used 4992K [0x00000000d5580000, 0x00000000d5b80000, 0x0000000100000000)
  eden space 4608K, 100% used [0x00000000d5580000,0x00000000d5a00000,0x00000000d5a00000)
  from space 512K, 75% used [0x00000000d5a80000,0x00000000d5ae0000,0x00000000d5b00000)
  to   space 512K, 0% used [0x00000000d5b00000,0x00000000d5b00000,0x00000000d5b80000)
 ParOldGen       total 128512K, used 120104K [0x0000000080000000, 0x0000000087d80000, 0x00000000d5580000)
  object space 128512K, 93% used [0x0000000080000000,0x000000008754a0c8,0x0000000087d80000)
 Metaspace       used 71197K, committed 72768K, reserved 1114112K
  class space    used 7250K, committed 7936K, reserved 1048576K
}
Event: 66.839 GC heap after
{Heap after GC invocations=400 (full 4):
 PSYoungGen      total 5120K, used 512K [0x00000000d5580000, 0x00000000d5c00000, 0x0000000100000000)
  eden space 4608K, 0% used [0x00000000d5580000,0x00000000d5580000,0x00000000d5a00000)
  from space 512K, 100% used [0x00000000d5b00000,0x00000000d5b80000,0x00000000d5b80000)
  to   space 1024K, 0% used [0x00000000d5a00000,0x00000000d5a00000,0x00000000d5b00000)
 ParOldGen       total 128512K, used 120336K [0x0000000080000000, 0x0000000087d80000, 0x00000000d5580000)
  object space 128512K, 93% used [0x0000000080000000,0x00000000875840e8,0x0000000087d80000)
 Metaspace       used 71197K, committed 72768K, reserved 1114112K
  class space    used 7250K, committed 7936K, reserved 1048576K
}
Event: 66.964 GC heap before
{Heap before GC invocations=401 (full 4):
 PSYoungGen      total 5120K, used 5120K [0x00000000d5580000, 0x00000000d5c00000, 0x0000000100000000)
  eden space 4608K, 100% used [0x00000000d5580000,0x00000000d5a00000,0x00000000d5a00000)
  from space 512K, 100% used [0x00000000d5b00000,0x00000000d5b80000,0x00000000d5b80000)
  to   space 1024K, 0% used [0x00000000d5a00000,0x00000000d5a00000,0x00000000d5b00000)
 ParOldGen       total 128512K, used 120336K [0x0000000080000000, 0x0000000087d80000, 0x00000000d5580000)
  object space 128512K, 93% used [0x0000000080000000,0x00000000875840e8,0x0000000087d80000)
 Metaspace       used 71214K, committed 72832K, reserved 1114112K
  class space    used 7250K, committed 7936K, reserved 1048576K
}
Event: 66.967 GC heap after
{Heap after GC invocations=401 (full 4):
 PSYoungGen      total 5632K, used 576K [0x00000000d5580000, 0x00000000d5c00000, 0x0000000100000000)
  eden space 4608K, 0% used [0x00000000d5580000,0x00000000d5580000,0x00000000d5a00000)
  from space 1024K, 56% used [0x00000000d5a00000,0x00000000d5a90000,0x00000000d5b00000)
  to   space 1024K, 0% used [0x00000000d5b00000,0x00000000d5b00000,0x00000000d5c00000)
 ParOldGen       total 128512K, used 120776K [0x0000000080000000, 0x0000000087d80000, 0x00000000d5580000)
  object space 128512K, 93% used [0x0000000080000000,0x00000000875f20e8,0x0000000087d80000)
 Metaspace       used 71214K, committed 72832K, reserved 1114112K
  class space    used 7250K, committed 7936K, reserved 1048576K
}
Event: 67.220 GC heap before
{Heap before GC invocations=402 (full 4):
 PSYoungGen      total 5632K, used 5183K [0x00000000d5580000, 0x00000000d5c00000, 0x0000000100000000)
  eden space 4608K, 99% used [0x00000000d5580000,0x00000000d59fffd8,0x00000000d5a00000)
  from space 1024K, 56% used [0x00000000d5a00000,0x00000000d5a90000,0x00000000d5b00000)
  to   space 1024K, 0% used [0x00000000d5b00000,0x00000000d5b00000,0x00000000d5c00000)
 ParOldGen       total 128512K, used 120776K [0x0000000080000000, 0x0000000087d80000, 0x00000000d5580000)
  object space 128512K, 93% used [0x0000000080000000,0x00000000875f20e8,0x0000000087d80000)
 Metaspace       used 71239K, committed 72832K, reserved 1114112K
  class space    used 7250K, committed 7936K, reserved 1048576K
}
Event: 67.222 GC heap after
{Heap after GC invocations=402 (full 4):
 PSYoungGen      total 5632K, used 908K [0x00000000d5580000, 0x00000000d5c00000, 0x0000000100000000)
  eden space 4608K, 0% used [0x00000000d5580000,0x00000000d5580000,0x00000000d5a00000)
  from space 1024K, 88% used [0x00000000d5b00000,0x00000000d5be3178,0x00000000d5c00000)
  to   space 1024K, 0% used [0x00000000d5a00000,0x00000000d5a00000,0x00000000d5b00000)
 ParOldGen       total 128512K, used 121224K [0x0000000080000000, 0x0000000087d80000, 0x00000000d5580000)
  object space 128512K, 94% used [0x0000000080000000,0x00000000876620f8,0x0000000087d80000)
 Metaspace       used 71239K, committed 72832K, reserved 1114112K
  class space    used 7250K, committed 7936K, reserved 1048576K
}

