# JRE version: OpenJDK Runtime Environment Temurin-21.0.10+7 (21.0.10+7) (build 21.0.10+7-LTS)
# Java VM: OpenJDK 64-Bit Server VM Temurin-21.0.10+7 (21.0.10+7-LTS, mixed mode, sharing, tiered, compressed oops, compressed class ptrs, parallel gc, windows-amd64)
GC Precious Log:
 CardTable entry size: 512
 CPUs: 12 total, 12 available
 Memory: 15713M
 Large Page Support: Disabled
 NUMA Support: Disabled
 Compressed Oops: Enabled (32-bit)
 Alignments: Space 512K, Generation 512K, Heap 2M
 Heap Min Capacity: 100M
 Heap Initial Capacity: 100M
 Heap Max Capacity: 2G
 Pre-touch: Disabled
 Parallel Workers: 10
Heap:
 PSYoungGen      total 6656K, used 5762K [0x00000000d5580000, 0x00000000d5d00000, 0x0000000100000000)
  eden space 6144K, 86% used [0x00000000d5580000,0x00000000d5aaee78,0x00000000d5b80000)
  from space 512K, 88% used [0x00000000d5c00000,0x00000000d5c71a40,0x00000000d5c80000)
  to   space 512K, 0% used [0x00000000d5c80000,0x00000000d5c80000,0x00000000d5d00000)
 ParOldGen       total 125952K, used 125628K [0x0000000080000000, 0x0000000087b00000, 0x00000000d5580000)
  object space 125952K, 99% used [0x0000000080000000,0x0000000087aaf340,0x0000000087b00000)
 Metaspace       used 54256K, committed 55744K, reserved 1114112K
  class space    used 5765K, committed 6400K, reserved 1048576K
GC Heap History (20 events):
Event: 23.532 GC heap before
{Heap before GC invocations=218 (full 2):
 PSYoungGen      total 6656K, used 6557K [0x00000000d5580000, 0x00000000d5d00000, 0x0000000100000000)
  eden space 6144K, 100% used [0x00000000d5580000,0x00000000d5b80000,0x00000000d5b80000)
  from space 512K, 80% used [0x00000000d5c00000,0x00000000d5c67798,0x00000000d5c80000)
  to   space 512K, 0% used [0x00000000d5c80000,0x00000000d5c80000,0x00000000d5d00000)
 ParOldGen       total 123904K, used 123842K [0x0000000080000000, 0x0000000087900000, 0x00000000d5580000)
  object space 123904K, 99% used [0x0000000080000000,0x00000000878f0b40,0x0000000087900000)
 Metaspace       used 53974K, committed 55424K, reserved 1114112K
  class space    used 5740K, committed 6336K, reserved 1048576K
}
Event: 23.534 GC heap after
{Heap after GC invocations=218 (full 2):
 PSYoungGen      total 6656K, used 256K [0x00000000d5580000, 0x00000000d5d00000, 0x0000000100000000)
  eden space 6144K, 0% used [0x00000000d5580000,0x00000000d5580000,0x00000000d5b80000)
  from space 512K, 50% used [0x00000000d5c80000,0x00000000d5cc0000,0x00000000d5d00000)
  to   space 512K, 0% used [0x00000000d5c00000,0x00000000d5c00000,0x00000000d5c80000)
 ParOldGen       total 124416K, used 123978K [0x0000000080000000, 0x0000000087980000, 0x00000000d5580000)
  object space 124416K, 99% used [0x0000000080000000,0x0000000087912b40,0x0000000087980000)
 Metaspace       used 53974K, committed 55424K, reserved 1114112K
  class space    used 5740K, committed 6336K, reserved 1048576K
}
Event: 23.577 GC heap before
{Heap before GC invocations=219 (full 2):
 PSYoungGen      total 6656K, used 6390K [0x00000000d5580000, 0x00000000d5d00000, 0x0000000100000000)
  eden space 6144K, 99% used [0x00000000d5580000,0x00000000d5b7d900,0x00000000d5b80000)
  from space 512K, 50% used [0x00000000d5c80000,0x00000000d5cc0000,0x00000000d5d00000)
  to   space 512K, 0% used [0x00000000d5c00000,0x00000000d5c00000,0x00000000d5c80000)
 ParOldGen       total 124416K, used 123978K [0x0000000080000000, 0x0000000087980000, 0x00000000d5580000)
  object space 124416K, 99% used [0x0000000080000000,0x0000000087912b40,0x0000000087980000)
 Metaspace       used 53980K, committed 55424K, reserved 1114112K
  class space    used 5740K, committed 6336K, reserved 1048576K
}
Event: 23.579 GC heap after
{Heap after GC invocations=219 (full 2):
 PSYoungGen      total 6656K, used 288K [0x00000000d5580000, 0x00000000d5d00000, 0x0000000100000000)
  eden space 6144K, 0% used [0x00000000d5580000,0x00000000d5580000,0x00000000d5b80000)
  from space 512K, 56% used [0x00000000d5c00000,0x00000000d5c48000,0x00000000d5c80000)
  to   space 512K, 0% used [0x00000000d5c80000,0x00000000d5c80000,0x00000000d5d00000)
 ParOldGen       total 124416K, used 124130K [0x0000000080000000, 0x0000000087980000, 0x00000000d5580000)
  object space 124416K, 99% used [0x0000000080000000,0x0000000087938b40,0x0000000087980000)
 Metaspace       used 53980K, committed 55424K, reserved 1114112K
  class space    used 5740K, committed 6336K, reserved 1048576K
}
Event: 23.640 GC heap before
{Heap before GC invocations=220 (full 2):
 PSYoungGen      total 6656K, used 6432K [0x00000000d5580000, 0x00000000d5d00000, 0x0000000100000000)
  eden space 6144K, 100% used [0x00000000d5580000,0x00000000d5b80000,0x00000000d5b80000)
  from space 512K, 56% used [0x00000000d5c00000,0x00000000d5c48000,0x00000000d5c80000)
  to   space 512K, 0% used [0x00000000d5c80000,0x00000000d5c80000,0x00000000d5d00000)
 ParOldGen       total 124416K, used 124130K [0x0000000080000000, 0x0000000087980000, 0x00000000d5580000)
  object space 124416K, 99% used [0x0000000080000000,0x0000000087938b40,0x0000000087980000)
 Metaspace       used 53991K, committed 55424K, reserved 1114112K
  class space    used 5740K, committed 6336K, reserved 1048576K
}
Event: 23.642 GC heap after
{Heap after GC invocations=220 (full 2):
 PSYoungGen      total 6656K, used 224K [0x00000000d5580000, 0x00000000d5d00000, 0x0000000100000000)
  eden space 6144K, 0% used [0x00000000d5580000,0x00000000d5580000,0x00000000d5b80000)
  from space 512K, 43% used [0x00000000d5c80000,0x00000000d5cb8000,0x00000000d5d00000)
  to   space 512K, 0% used [0x00000000d5c00000,0x00000000d5c00000,0x00000000d5c80000)
 ParOldGen       total 124416K, used 124210K [0x0000000080000000, 0x0000000087980000, 0x00000000d5580000)
  object space 124416K, 99% used [0x0000000080000000,0x000000008794cb40,0x0000000087980000)
 Metaspace       used 53991K, committed 55424K, reserved 1114112K
  class space    used 5740K, committed 6336K, reserved 1048576K
}
Event: 23.692 GC heap before
{Heap before GC invocations=221 (full 2):
 PSYoungGen      total 6656K, used 5787K [0x00000000d5580000, 0x00000000d5d00000, 0x0000000100000000)
  eden space 6144K, 90% used [0x00000000d5580000,0x00000000d5aeed90,0x00000000d5b80000)
  from space 512K, 43% used [0x00000000d5c80000,0x00000000d5cb8000,0x00000000d5d00000)
  to   space 512K, 0% used [0x00000000d5c00000,0x00000000d5c00000,0x00000000d5c80000)
 ParOldGen       total 124416K, used 124210K [0x0000000080000000, 0x0000000087980000, 0x00000000d5580000)
  object space 124416K, 99% used [0x0000000080000000,0x000000008794cb40,0x0000000087980000)
 Metaspace       used 53993K, committed 55424K, reserved 1114112K
  class space    used 5740K, committed 6336K, reserved 1048576K
}
Event: 23.695 GC heap after
{Heap after GC invocations=221 (full 2):
 PSYoungGen      total 6656K, used 320K [0x00000000d5580000, 0x00000000d5d00000, 0x0000000100000000)
  eden space 6144K, 0% used [0x00000000d5580000,0x00000000d5580000,0x00000000d5b80000)
  from space 512K, 62% used [0x00000000d5c00000,0x00000000d5c50000,0x00000000d5c80000)
  to   space 512K, 0% used [0x00000000d5c80000,0x00000000d5c80000,0x00000000d5d00000)
 ParOldGen       total 124416K, used 124298K [0x0000000080000000, 0x0000000087980000, 0x00000000d5580000)
  object space 124416K, 99% used [0x0000000080000000,0x0000000087962b40,0x0000000087980000)
 Metaspace       used 53993K, committed 55424K, reserved 1114112K
  class space    used 5740K, committed 6336K, reserved 1048576K
}
Event: 23.875 GC heap before
{Heap before GC invocations=222 (full 2):
 PSYoungGen      total 6656K, used 6464K [0x00000000d5580000, 0x00000000d5d00000, 0x0000000100000000)
  eden space 6144K, 100% used [0x00000000d5580000,0x00000000d5b80000,0x00000000d5b80000)
  from space 512K, 62% used [0x00000000d5c00000,0x00000000d5c50000,0x00000000d5c80000)
  to   space 512K, 0% used [0x00000000d5c80000,0x00000000d5c80000,0x00000000d5d00000)
 ParOldGen       total 124416K, used 124298K [0x0000000080000000, 0x0000000087980000, 0x00000000d5580000)
  object space 124416K, 99% used [0x0000000080000000,0x0000000087962b40,0x0000000087980000)
 Metaspace       used 54237K, committed 55744K, reserved 1114112K
  class space    used 5765K, committed 6400K, reserved 1048576K
}
Event: 23.879 GC heap after
{Heap after GC invocations=222 (full 2):
 PSYoungGen      total 6656K, used 510K [0x00000000d5580000, 0x00000000d5d80000, 0x0000000100000000)
  eden space 6144K, 0% used [0x00000000d5580000,0x00000000d5580000,0x00000000d5b80000)
  from space 512K, 99% used [0x00000000d5c80000,0x00000000d5cffad8,0x00000000d5d00000)
  to   space 1024K, 0% used [0x00000000d5b80000,0x00000000d5b80000,0x00000000d5c80000)
 ParOldGen       total 124928K, used 124434K [0x0000000080000000, 0x0000000087a00000, 0x00000000d5580000)
  object space 124928K, 99% used [0x0000000080000000,0x0000000087984b40,0x0000000087a00000)
 Metaspace       used 54237K, committed 55744K, reserved 1114112K
  class space    used 5765K, committed 6400K, reserved 1048576K
}
Event: 23.911 GC heap before
{Heap before GC invocations=223 (full 2):
 PSYoungGen      total 6656K, used 6600K [0x00000000d5580000, 0x00000000d5d80000, 0x0000000100000000)
  eden space 6144K, 99% used [0x00000000d5580000,0x00000000d5b725f0,0x00000000d5b80000)
  from space 512K, 99% used [0x00000000d5c80000,0x00000000d5cffad8,0x00000000d5d00000)
  to   space 1024K, 0% used [0x00000000d5b80000,0x00000000d5b80000,0x00000000d5c80000)
 ParOldGen       total 124928K, used 124434K [0x0000000080000000, 0x0000000087a00000, 0x00000000d5580000)
  object space 124928K, 99% used [0x0000000080000000,0x0000000087984b40,0x0000000087a00000)
 Metaspace       used 54239K, committed 55744K, reserved 1114112K
  class space    used 5765K, committed 6400K, reserved 1048576K
}
Event: 23.913 GC heap after
{Heap after GC invocations=223 (full 2):
 PSYoungGen      total 7168K, used 352K [0x00000000d5580000, 0x00000000d5d00000, 0x0000000100000000)
  eden space 6144K, 0% used [0x00000000d5580000,0x00000000d5580000,0x00000000d5b80000)
  from space 1024K, 34% used [0x00000000d5b80000,0x00000000d5bd8000,0x00000000d5c80000)
  to   space 512K, 0% used [0x00000000d5c80000,0x00000000d5c80000,0x00000000d5d00000)
 ParOldGen       total 124928K, used 124586K [0x0000000080000000, 0x0000000087a00000, 0x00000000d5580000)
  object space 124928K, 99% used [0x0000000080000000,0x00000000879aab40,0x0000000087a00000)
 Metaspace       used 54239K, committed 55744K, reserved 1114112K
  class space    used 5765K, committed 6400K, reserved 1048576K
}
Event: 23.938 GC heap before
{Heap before GC invocations=224 (full 2):
 PSYoungGen      total 7168K, used 6496K [0x00000000d5580000, 0x00000000d5d00000, 0x0000000100000000)
  eden space 6144K, 100% used [0x00000000d5580000,0x00000000d5b80000,0x00000000d5b80000)
  from space 1024K, 34% used [0x00000000d5b80000,0x00000000d5bd8000,0x00000000d5c80000)
  to   space 512K, 0% used [0x00000000d5c80000,0x00000000d5c80000,0x00000000d5d00000)
 ParOldGen       total 124928K, used 124586K [0x0000000080000000, 0x0000000087a00000, 0x00000000d5580000)
  object space 124928K, 99% used [0x0000000080000000,0x00000000879aab40,0x0000000087a00000)
 Metaspace       used 54240K, committed 55744K, reserved 1114112K
  class space    used 5765K, committed 6400K, reserved 1048576K
}
Event: 23.940 GC heap after
{Heap after GC invocations=224 (full 2):
 PSYoungGen      total 6656K, used 480K [0x00000000d5580000, 0x00000000d5d80000, 0x0000000100000000)
  eden space 6144K, 0% used [0x00000000d5580000,0x00000000d5580000,0x00000000d5b80000)
  from space 512K, 93% used [0x00000000d5c80000,0x00000000d5cf8010,0x00000000d5d00000)
  to   space 1024K, 0% used [0x00000000d5b80000,0x00000000d5b80000,0x00000000d5c80000)
 ParOldGen       total 124928K, used 124754K [0x0000000080000000, 0x0000000087a00000, 0x00000000d5580000)
  object space 124928K, 99% used [0x0000000080000000,0x00000000879d4b40,0x0000000087a00000)
 Metaspace       used 54240K, committed 55744K, reserved 1114112K
  class space    used 5765K, committed 6400K, reserved 1048576K
}
Event: 24.002 GC heap before
{Heap before GC invocations=225 (full 2):
 PSYoungGen      total 6656K, used 6624K [0x00000000d5580000, 0x00000000d5d80000, 0x0000000100000000)
  eden space 6144K, 100% used [0x00000000d5580000,0x00000000d5b80000,0x00000000d5b80000)
  from space 512K, 93% used [0x00000000d5c80000,0x00000000d5cf8010,0x00000000d5d00000)
  to   space 1024K, 0% used [0x00000000d5b80000,0x00000000d5b80000,0x00000000d5c80000)
 ParOldGen       total 124928K, used 124754K [0x0000000080000000, 0x0000000087a00000, 0x00000000d5580000)
  object space 124928K, 99% used [0x0000000080000000,0x00000000879d4b40,0x0000000087a00000)
 Metaspace       used 54246K, committed 55744K, reserved 1114112K
  class space    used 5765K, committed 6400K, reserved 1048576K
}
Event: 24.004 GC heap after
{Heap after GC invocations=225 (full 2):
 PSYoungGen      total 7168K, used 320K [0x00000000d5580000, 0x00000000d5d00000, 0x0000000100000000)
  eden space 6144K, 0% used [0x00000000d5580000,0x00000000d5580000,0x00000000d5b80000)
  from space 1024K, 31% used [0x00000000d5b80000,0x00000000d5bd0000,0x00000000d5c80000)
  to   space 512K, 0% used [0x00000000d5c80000,0x00000000d5c80000,0x00000000d5d00000)
 ParOldGen       total 124928K, used 124906K [0x0000000080000000, 0x0000000087a00000, 0x00000000d5580000)
  object space 124928K, 99% used [0x0000000080000000,0x00000000879fab40,0x0000000087a00000)
 Metaspace       used 54246K, committed 55744K, reserved 1114112K
  class space    used 5765K, committed 6400K, reserved 1048576K
}
Event: 24.033 GC heap before
{Heap before GC invocations=226 (full 2):
 PSYoungGen      total 7168K, used 6464K [0x00000000d5580000, 0x00000000d5d00000, 0x0000000100000000)
  eden space 6144K, 100% used [0x00000000d5580000,0x00000000d5b80000,0x00000000d5b80000)
  from space 1024K, 31% used [0x00000000d5b80000,0x00000000d5bd0000,0x00000000d5c80000)
  to   space 512K, 0% used [0x00000000d5c80000,0x00000000d5c80000,0x00000000d5d00000)
 ParOldGen       total 124928K, used 124906K [0x0000000080000000, 0x0000000087a00000, 0x00000000d5580000)
  object space 124928K, 99% used [0x0000000080000000,0x00000000879fab40,0x0000000087a00000)
 Metaspace       used 54246K, committed 55744K, reserved 1114112K
  class space    used 5765K, committed 6400K, reserved 1048576K
}
Event: 24.035 GC heap after
{Heap after GC invocations=226 (full 2):
 PSYoungGen      total 6656K, used 384K [0x00000000d5580000, 0x00000000d5d00000, 0x0000000100000000)
  eden space 6144K, 0% used [0x00000000d5580000,0x00000000d5580000,0x00000000d5b80000)
  from space 512K, 75% used [0x00000000d5c80000,0x00000000d5ce0100,0x00000000d5d00000)
  to   space 512K, 0% used [0x00000000d5c00000,0x00000000d5c00000,0x00000000d5c80000)
 ParOldGen       total 125440K, used 125106K [0x0000000080000000, 0x0000000087a80000, 0x00000000d5580000)
  object space 125440K, 99% used [0x0000000080000000,0x0000000087a2cb40,0x0000000087a80000)
 Metaspace       used 54246K, committed 55744K, reserved 1114112K
  class space    used 5765K, committed 6400K, reserved 1048576K
}
Event: 24.070 GC heap before
{Heap before GC invocations=227 (full 2):
 PSYoungGen      total 6656K, used 6528K [0x00000000d5580000, 0x00000000d5d00000, 0x0000000100000000)
  eden space 6144K, 100% used [0x00000000d5580000,0x00000000d5b80000,0x00000000d5b80000)
  from space 512K, 75% used [0x00000000d5c80000,0x00000000d5ce0100,0x00000000d5d00000)
  to   space 512K, 0% used [0x00000000d5c00000,0x00000000d5c00000,0x00000000d5c80000)
 ParOldGen       total 125440K, used 125106K [0x0000000080000000, 0x0000000087a80000, 0x00000000d5580000)
  object space 125440K, 99% used [0x0000000080000000,0x0000000087a2cb40,0x0000000087a80000)
 Metaspace       used 54246K, committed 55744K, reserved 1114112K
  class space    used 5765K, committed 6400K, reserved 1048576K
}
Event: 24.074 GC heap after
{Heap after GC invocations=227 (full 2):
 PSYoungGen      total 6656K, used 488K [0x00000000d5580000, 0x00000000d5d80000, 0x0000000100000000)
  eden space 6144K, 0% used [0x00000000d5580000,0x00000000d5580000,0x00000000d5b80000)
  from space 512K, 95% used [0x00000000d5c00000,0x00000000d5c7a208,0x00000000d5c80000)
  to   space 1024K, 0% used [0x00000000d5c80000,0x00000000d5c80000,0x00000000d5d80000)
 ParOldGen       total 125440K, used 125218K [0x0000000080000000, 0x0000000087a80000, 0x00000000d5580000)
  object space 125440K, 99% used [0x0000000080000000,0x0000000087a48b40,0x0000000087a80000)
 Metaspace       used 54246K, committed 55744K, reserved 1114112K
  class space    used 5765K, committed 6400K, reserved 1048576K
}

