# JRE version: OpenJDK Runtime Environment Temurin-21.0.10+7 (21.0.10+7) (build 21.0.10+7-LTS)
# Java VM: OpenJDK 64-Bit Server VM Temurin-21.0.10+7 (21.0.10+7-LTS, mixed mode, sharing, tiered, compressed oops, compressed class ptrs, parallel gc, windows-amd64)
GC Precious Log:
 CardTable entry size: 512
 CPUs: 12 total, 12 available
 Memory: 15713M
 Large Page Support: Disabled
 NUMA Support: Disabled
 Compressed Oops: Enabled (32-bit)
 Alignments: Space 512K, Generation 512K, Heap 2M
 Heap Min Capacity: 100M
 Heap Initial Capacity: 100M
 Heap Max Capacity: 2G
 Pre-touch: Disabled
 Parallel Workers: 10
Heap:
 PSYoungGen      total 2560K, used 2355K [0x00000000d5580000, 0x00000000d5900000, 0x0000000100000000)
  eden space 1536K, 100% used [0x00000000d5580000,0x00000000d5700000,0x00000000d5700000)
  from space 1024K, 80% used [0x00000000d5800000,0x00000000d58ccdb0,0x00000000d5900000)
  to   space 1024K, 68% used [0x00000000d5700000,0x00000000d57b0000,0x00000000d5800000)
 ParOldGen       total 385024K, used 384769K [0x0000000080000000, 0x0000000097800000, 0x00000000d5580000)
  object space 385024K, 99% used [0x0000000080000000,0x00000000977c0568,0x0000000097800000)
 Metaspace       used 67307K, committed 68928K, reserved 1114112K
  class space    used 6802K, committed 7488K, reserved 1048576K
GC Heap History (20 events):
Event: 52.942 GC heap before
{Heap before GC invocations=673 (full 4):
 PSYoungGen      total 2048K, used 2048K [0x00000000d5580000, 0x00000000d5b80000, 0x0000000100000000)
  eden space 1024K, 100% used [0x00000000d5580000,0x00000000d5680000,0x00000000d5680000)
  from space 1024K, 100% used [0x00000000d5880000,0x00000000d5980000,0x00000000d5980000)
  to   space 2048K, 0% used [0x00000000d5680000,0x00000000d5680000,0x00000000d5880000)
 ParOldGen       total 376832K, used 376738K [0x0000000080000000, 0x0000000097000000, 0x00000000d5580000)
  object space 376832K, 99% used [0x0000000080000000,0x0000000096fe8860,0x0000000097000000)
 Metaspace       used 67307K, committed 68928K, reserved 1114112K
  class space    used 6802K, committed 7488K, reserved 1048576K
}
Event: 52.948 GC heap after
{Heap after GC invocations=673 (full 4):
 PSYoungGen      total 2048K, used 691K [0x00000000d5580000, 0x00000000d5900000, 0x0000000100000000)
  eden space 1024K, 0% used [0x00000000d5580000,0x00000000d5580000,0x00000000d5680000)
  from space 1024K, 67% used [0x00000000d5680000,0x00000000d572cfd0,0x00000000d5780000)
  to   space 1024K, 0% used [0x00000000d5800000,0x00000000d5800000,0x00000000d5900000)
 ParOldGen       total 377856K, used 377660K [0x0000000080000000, 0x0000000097100000, 0x00000000d5580000)
  object space 377856K, 99% used [0x0000000080000000,0x00000000970cf300,0x0000000097100000)
 Metaspace       used 67307K, committed 68928K, reserved 1114112K
  class space    used 6802K, committed 7488K, reserved 1048576K
}
Event: 52.979 GC heap before
{Heap before GC invocations=674 (full 4):
 PSYoungGen      total 2048K, used 1715K [0x00000000d5580000, 0x00000000d5900000, 0x0000000100000000)
  eden space 1024K, 100% used [0x00000000d5580000,0x00000000d5680000,0x00000000d5680000)
  from space 1024K, 67% used [0x00000000d5680000,0x00000000d572cfd0,0x00000000d5780000)
  to   space 1024K, 0% used [0x00000000d5800000,0x00000000d5800000,0x00000000d5900000)
 ParOldGen       total 377856K, used 377660K [0x0000000080000000, 0x0000000097100000, 0x00000000d5580000)
  object space 377856K, 99% used [0x0000000080000000,0x00000000970cf300,0x0000000097100000)
 Metaspace       used 67307K, committed 68928K, reserved 1114112K
  class space    used 6802K, committed 7488K, reserved 1048576K
}
Event: 52.984 GC heap after
{Heap after GC invocations=674 (full 4):
 PSYoungGen      total 2048K, used 739K [0x00000000d5580000, 0x00000000d5900000, 0x0000000100000000)
  eden space 1024K, 0% used [0x00000000d5580000,0x00000000d5580000,0x00000000d5680000)
  from space 1024K, 72% used [0x00000000d5800000,0x00000000d58b8f10,0x00000000d5900000)
  to   space 1024K, 0% used [0x00000000d5680000,0x00000000d5680000,0x00000000d5780000)
 ParOldGen       total 378368K, used 378208K [0x0000000080000000, 0x0000000097180000, 0x00000000d5580000)
  object space 378368K, 99% used [0x0000000080000000,0x0000000097158298,0x0000000097180000)
 Metaspace       used 67307K, committed 68928K, reserved 1114112K
  class space    used 6802K, committed 7488K, reserved 1048576K
}
Event: 53.013 GC heap before
{Heap before GC invocations=675 (full 4):
 PSYoungGen      total 2048K, used 1763K [0x00000000d5580000, 0x00000000d5900000, 0x0000000100000000)
  eden space 1024K, 100% used [0x00000000d5580000,0x00000000d5680000,0x00000000d5680000)
  from space 1024K, 72% used [0x00000000d5800000,0x00000000d58b8f10,0x00000000d5900000)
  to   space 1024K, 0% used [0x00000000d5680000,0x00000000d5680000,0x00000000d5780000)
 ParOldGen       total 378368K, used 378208K [0x0000000080000000, 0x0000000097180000, 0x00000000d5580000)
  object space 378368K, 99% used [0x0000000080000000,0x0000000097158298,0x0000000097180000)
 Metaspace       used 67307K, committed 68928K, reserved 1114112K
  class space    used 6802K, committed 7488K, reserved 1048576K
}
Event: 53.018 GC heap after
{Heap after GC invocations=675 (full 4):
 PSYoungGen      total 2048K, used 723K [0x00000000d5580000, 0x00000000d5880000, 0x0000000100000000)
  eden space 1024K, 0% used [0x00000000d5580000,0x00000000d5580000,0x00000000d5680000)
  from space 1024K, 70% used [0x00000000d5680000,0x00000000d5734fd0,0x00000000d5780000)
  to   space 1024K, 0% used [0x00000000d5780000,0x00000000d5780000,0x00000000d5880000)
 ParOldGen       total 378880K, used 378833K [0x0000000080000000, 0x0000000097200000, 0x00000000d5580000)
  object space 378880K, 99% used [0x0000000080000000,0x00000000971f46f8,0x0000000097200000)
 Metaspace       used 67307K, committed 68928K, reserved 1114112K
  class space    used 6802K, committed 7488K, reserved 1048576K
}
Event: 53.049 GC heap before
{Heap before GC invocations=676 (full 4):
 PSYoungGen      total 2048K, used 1747K [0x00000000d5580000, 0x00000000d5880000, 0x0000000100000000)
  eden space 1024K, 100% used [0x00000000d5580000,0x00000000d5680000,0x00000000d5680000)
  from space 1024K, 70% used [0x00000000d5680000,0x00000000d5734fd0,0x00000000d5780000)
  to   space 1024K, 0% used [0x00000000d5780000,0x00000000d5780000,0x00000000d5880000)
 ParOldGen       total 378880K, used 378833K [0x0000000080000000, 0x0000000097200000, 0x00000000d5580000)
  object space 378880K, 99% used [0x0000000080000000,0x00000000971f46f8,0x0000000097200000)
 Metaspace       used 67307K, committed 68928K, reserved 1114112K
  class space    used 6802K, committed 7488K, reserved 1048576K
}
Event: 53.055 GC heap after
{Heap after GC invocations=676 (full 4):
 PSYoungGen      total 2048K, used 679K [0x00000000d5580000, 0x00000000d5880000, 0x0000000100000000)
  eden space 1024K, 0% used [0x00000000d5580000,0x00000000d5580000,0x00000000d5680000)
  from space 1024K, 66% used [0x00000000d5780000,0x00000000d5829fa0,0x00000000d5880000)
  to   space 1024K, 0% used [0x00000000d5680000,0x00000000d5680000,0x00000000d5780000)
 ParOldGen       total 379904K, used 379443K [0x0000000080000000, 0x0000000097300000, 0x00000000d5580000)
  object space 379904K, 99% used [0x0000000080000000,0x000000009728cc18,0x0000000097300000)
 Metaspace       used 67307K, committed 68928K, reserved 1114112K
  class space    used 6802K, committed 7488K, reserved 1048576K
}
Event: 53.078 GC heap before
{Heap before GC invocations=677 (full 4):
 PSYoungGen      total 2048K, used 1703K [0x00000000d5580000, 0x00000000d5880000, 0x0000000100000000)
  eden space 1024K, 100% used [0x00000000d5580000,0x00000000d5680000,0x00000000d5680000)
  from space 1024K, 66% used [0x00000000d5780000,0x00000000d5829fa0,0x00000000d5880000)
  to   space 1024K, 0% used [0x00000000d5680000,0x00000000d5680000,0x00000000d5780000)
 ParOldGen       total 379904K, used 379443K [0x0000000080000000, 0x0000000097300000, 0x00000000d5580000)
  object space 379904K, 99% used [0x0000000080000000,0x000000009728cc18,0x0000000097300000)
 Metaspace       used 67307K, committed 68928K, reserved 1114112K
  class space    used 6802K, committed 7488K, reserved 1048576K
}
Event: 53.083 GC heap after
{Heap after GC invocations=677 (full 4):
 PSYoungGen      total 2048K, used 827K [0x00000000d5580000, 0x00000000d5880000, 0x0000000100000000)
  eden space 1024K, 0% used [0x00000000d5580000,0x00000000d5580000,0x00000000d5680000)
  from space 1024K, 80% used [0x00000000d5680000,0x00000000d574ed50,0x00000000d5780000)
  to   space 1024K, 0% used [0x00000000d5780000,0x00000000d5780000,0x00000000d5880000)
 ParOldGen       total 380416K, used 380049K [0x0000000080000000, 0x0000000097380000, 0x00000000d5580000)
  object space 380416K, 99% used [0x0000000080000000,0x0000000097324660,0x0000000097380000)
 Metaspace       used 67307K, committed 68928K, reserved 1114112K
  class space    used 6802K, committed 7488K, reserved 1048576K
}
Event: 53.122 GC heap before
{Heap before GC invocations=678 (full 4):
 PSYoungGen      total 2048K, used 1851K [0x00000000d5580000, 0x00000000d5880000, 0x0000000100000000)
  eden space 1024K, 100% used [0x00000000d5580000,0x00000000d5680000,0x00000000d5680000)
  from space 1024K, 80% used [0x00000000d5680000,0x00000000d574ed50,0x00000000d5780000)
  to   space 1024K, 0% used [0x00000000d5780000,0x00000000d5780000,0x00000000d5880000)
 ParOldGen       total 380416K, used 380049K [0x0000000080000000, 0x0000000097380000, 0x00000000d5580000)
  object space 380416K, 99% used [0x0000000080000000,0x0000000097324660,0x0000000097380000)
 Metaspace       used 67307K, committed 68928K, reserved 1114112K
  class space    used 6802K, committed 7488K, reserved 1048576K
}
Event: 53.127 GC heap after
{Heap after GC invocations=678 (full 4):
 PSYoungGen      total 2048K, used 743K [0x00000000d5580000, 0x00000000d5880000, 0x0000000100000000)
  eden space 1024K, 0% used [0x00000000d5580000,0x00000000d5580000,0x00000000d5680000)
  from space 1024K, 72% used [0x00000000d5780000,0x00000000d5839fa0,0x00000000d5880000)
  to   space 1024K, 0% used [0x00000000d5680000,0x00000000d5680000,0x00000000d5780000)
 ParOldGen       total 380928K, used 380724K [0x0000000080000000, 0x0000000097400000, 0x00000000d5580000)
  object space 380928K, 99% used [0x0000000080000000,0x00000000973cd378,0x0000000097400000)
 Metaspace       used 67307K, committed 68928K, reserved 1114112K
  class space    used 6802K, committed 7488K, reserved 1048576K
}
Event: 53.193 GC heap before
{Heap before GC invocations=679 (full 4):
 PSYoungGen      total 2048K, used 1767K [0x00000000d5580000, 0x00000000d5880000, 0x0000000100000000)
  eden space 1024K, 100% used [0x00000000d5580000,0x00000000d5680000,0x00000000d5680000)
  from space 1024K, 72% used [0x00000000d5780000,0x00000000d5839fa0,0x00000000d5880000)
  to   space 1024K, 0% used [0x00000000d5680000,0x00000000d5680000,0x00000000d5780000)
 ParOldGen       total 382976K, used 382068K [0x0000000080000000, 0x0000000097600000, 0x00000000d5580000)
  object space 382976K, 99% used [0x0000000080000000,0x000000009751d378,0x0000000097600000)
 Metaspace       used 67307K, committed 68928K, reserved 1114112K
  class space    used 6802K, committed 7488K, reserved 1048576K
}
Event: 53.199 GC heap after
{Heap after GC invocations=679 (full 4):
 PSYoungGen      total 2048K, used 467K [0x00000000d5580000, 0x00000000d5880000, 0x0000000100000000)
  eden space 1024K, 0% used [0x00000000d5580000,0x00000000d5580000,0x00000000d5680000)
  from space 1024K, 45% used [0x00000000d5680000,0x00000000d56f4fd0,0x00000000d5780000)
  to   space 1024K, 0% used [0x00000000d5780000,0x00000000d5780000,0x00000000d5880000)
 ParOldGen       total 382976K, used 382668K [0x0000000080000000, 0x0000000097600000, 0x00000000d5580000)
  object space 382976K, 99% used [0x0000000080000000,0x00000000975b32e0,0x0000000097600000)
 Metaspace       used 67307K, committed 68928K, reserved 1114112K
  class space    used 6802K, committed 7488K, reserved 1048576K
}
Event: 53.220 GC heap before
{Heap before GC invocations=680 (full 4):
 PSYoungGen      total 2048K, used 1490K [0x00000000d5580000, 0x00000000d5880000, 0x0000000100000000)
  eden space 1024K, 99% used [0x00000000d5580000,0x00000000d567fa58,0x00000000d5680000)
  from space 1024K, 45% used [0x00000000d5680000,0x00000000d56f4fd0,0x00000000d5780000)
  to   space 1024K, 0% used [0x00000000d5780000,0x00000000d5780000,0x00000000d5880000)
 ParOldGen       total 382976K, used 382668K [0x0000000080000000, 0x0000000097600000, 0x00000000d5580000)
  object space 382976K, 99% used [0x0000000080000000,0x00000000975b32e0,0x0000000097600000)
 Metaspace       used 67307K, committed 68928K, reserved 1114112K
  class space    used 6802K, committed 7488K, reserved 1048576K
}
Event: 53.227 GC heap after
{Heap after GC invocations=680 (full 4):
 PSYoungGen      total 2048K, used 832K [0x00000000d5580000, 0x00000000d5900000, 0x0000000100000000)
  eden space 1024K, 0% used [0x00000000d5580000,0x00000000d5580000,0x00000000d5680000)
  from space 1024K, 81% used [0x00000000d5780000,0x00000000d5850000,0x00000000d5880000)
  to   space 1024K, 0% used [0x00000000d5680000,0x00000000d5680000,0x00000000d5780000)
 ParOldGen       total 383488K, used 383015K [0x0000000080000000, 0x0000000097680000, 0x00000000d5580000)
  object space 383488K, 99% used [0x0000000080000000,0x0000000097609d58,0x0000000097680000)
 Metaspace       used 67307K, committed 68928K, reserved 1114112K
  class space    used 6802K, committed 7488K, reserved 1048576K
}
Event: 53.264 GC heap before
{Heap before GC invocations=681 (full 4):
 PSYoungGen      total 2048K, used 1856K [0x00000000d5580000, 0x00000000d5900000, 0x0000000100000000)
  eden space 1024K, 100% used [0x00000000d5580000,0x00000000d5680000,0x00000000d5680000)
  from space 1024K, 81% used [0x00000000d5780000,0x00000000d5850000,0x00000000d5880000)
  to   space 1024K, 0% used [0x00000000d5680000,0x00000000d5680000,0x00000000d5780000)
 ParOldGen       total 383488K, used 383015K [0x0000000080000000, 0x0000000097680000, 0x00000000d5580000)
  object space 383488K, 99% used [0x0000000080000000,0x0000000097609d58,0x0000000097680000)
 Metaspace       used 67307K, committed 68928K, reserved 1114112K
  class space    used 6802K, committed 7488K, reserved 1048576K
}
Event: 53.270 GC heap after
{Heap after GC invocations=681 (full 4):
 PSYoungGen      total 2048K, used 467K [0x00000000d5580000, 0x00000000d5900000, 0x0000000100000000)
  eden space 1024K, 0% used [0x00000000d5580000,0x00000000d5580000,0x00000000d5680000)
  from space 1024K, 45% used [0x00000000d5680000,0x00000000d56f4fd0,0x00000000d5780000)
  to   space 1024K, 0% used [0x00000000d5800000,0x00000000d5800000,0x00000000d5900000)
 ParOldGen       total 384000K, used 383715K [0x0000000080000000, 0x0000000097700000, 0x00000000d5580000)
  object space 384000K, 99% used [0x0000000080000000,0x00000000976b8d50,0x0000000097700000)
 Metaspace       used 67307K, committed 68928K, reserved 1114112K
  class space    used 6802K, committed 7488K, reserved 1048576K
}
Event: 53.300 GC heap before
{Heap before GC invocations=682 (full 4):
 PSYoungGen      total 2048K, used 1491K [0x00000000d5580000, 0x00000000d5900000, 0x0000000100000000)
  eden space 1024K, 100% used [0x00000000d5580000,0x00000000d5680000,0x00000000d5680000)
  from space 1024K, 45% used [0x00000000d5680000,0x00000000d56f4fd0,0x00000000d5780000)
  to   space 1024K, 0% used [0x00000000d5800000,0x00000000d5800000,0x00000000d5900000)
 ParOldGen       total 384000K, used 383715K [0x0000000080000000, 0x0000000097700000, 0x00000000d5580000)
  object space 384000K, 99% used [0x0000000080000000,0x00000000976b8d50,0x0000000097700000)
 Metaspace       used 67307K, committed 68928K, reserved 1114112K
  class space    used 6802K, committed 7488K, reserved 1048576K
}
Event: 53.308 GC heap after
{Heap after GC invocations=682 (full 4):
 PSYoungGen      total 2560K, used 819K [0x00000000d5580000, 0x00000000d5900000, 0x0000000100000000)
  eden space 1536K, 0% used [0x00000000d5580000,0x00000000d5580000,0x00000000d5700000)
  from space 1024K, 80% used [0x00000000d5800000,0x00000000d58ccdb0,0x00000000d5900000)
  to   space 1024K, 0% used [0x00000000d5700000,0x00000000d5700000,0x00000000d5800000)
 ParOldGen       total 384512K, used 384124K [0x0000000080000000, 0x0000000097780000, 0x00000000d5580000)
  object space 384512K, 99% used [0x0000000080000000,0x000000009771f270,0x0000000097780000)
 Metaspace       used 67307K, committed 68928K, reserved 1114112K
  class space    used 6802K, committed 7488K, reserved 1048576K
}

