# JRE version: OpenJDK Runtime Environment Temurin-21.0.10+7 (21.0.10+7) (build 21.0.10+7-LTS)
# Java VM: OpenJDK 64-Bit Server VM Temurin-21.0.10+7 (21.0.10+7-LTS, mixed mode, sharing, tiered, compressed oops, compressed class ptrs, parallel gc, windows-amd64)
GC Precious Log:
 CardTable entry size: 512
 CPUs: 12 total, 12 available
 Memory: 15713M
 Large Page Support: Disabled
 NUMA Support: Disabled
 Compressed Oops: Enabled (32-bit)
 Alignments: Space 512K, Generation 512K, Heap 2M
 Heap Min Capacity: 100M
 Heap Initial Capacity: 100M
 Heap Max Capacity: 2G
 Pre-touch: Disabled
 Parallel Workers: 10
Heap:
 PSYoungGen      total 2048K, used 413K [0x00000000d5580000, 0x00000000d5800000, 0x0000000100000000)
  eden space 1536K, 6% used [0x00000000d5580000,0x00000000d5597610,0x00000000d5700000)
  from space 512K, 62% used [0x00000000d5780000,0x00000000d57d0000,0x00000000d5800000)
  to   space 512K, 0% used [0x00000000d5700000,0x00000000d5700000,0x00000000d5780000)
 ParOldGen       total 292864K, used 185934K [0x0000000080000000, 0x0000000091e00000, 0x00000000d5580000)
  object space 292864K, 63% used [0x0000000080000000,0x000000008b593b40,0x0000000091e00000)
 Metaspace       used 84333K, committed 86272K, reserved 1179648K
  class space    used 8556K, committed 9408K, reserved 1048576K
GC Heap History (20 events):
Event: 2044.376 GC heap before
{Heap before GC invocations=931 (full 4):
 PSYoungGen      total 2048K, used 1792K [0x00000000d5580000, 0x00000000d5800000, 0x0000000100000000)
  eden space 1536K, 100% used [0x00000000d5580000,0x00000000d5700000,0x00000000d5700000)
  from space 512K, 50% used [0x00000000d5780000,0x00000000d57c0000,0x00000000d5800000)
  to   space 512K, 0% used [0x00000000d5700000,0x00000000d5700000,0x00000000d5780000)
 ParOldGen       total 292864K, used 185296K [0x0000000080000000, 0x0000000091e00000, 0x00000000d5580000)
  object space 292864K, 63% used [0x0000000080000000,0x000000008b4f4218,0x0000000091e00000)
 Metaspace       used 84246K, committed 86208K, reserved 1179648K
  class space    used 8551K, committed 9408K, reserved 1048576K
}
Event: 2044.377 GC heap after
{Heap after GC invocations=931 (full 4):
 PSYoungGen      total 2048K, used 256K [0x00000000d5580000, 0x00000000d5800000, 0x0000000100000000)
  eden space 1536K, 0% used [0x00000000d5580000,0x00000000d5580000,0x00000000d5700000)
  from space 512K, 50% used [0x00000000d5700000,0x00000000d5740000,0x00000000d5780000)
  to   space 512K, 0% used [0x00000000d5780000,0x00000000d5780000,0x00000000d5800000)
 ParOldGen       total 292864K, used 185360K [0x0000000080000000, 0x0000000091e00000, 0x00000000d5580000)
  object space 292864K, 63% used [0x0000000080000000,0x000000008b504218,0x0000000091e00000)
 Metaspace       used 84246K, committed 86208K, reserved 1179648K
  class space    used 8551K, committed 9408K, reserved 1048576K
}
Event: 2044.386 GC heap before
{Heap before GC invocations=932 (full 4):
 PSYoungGen      total 2048K, used 1792K [0x00000000d5580000, 0x00000000d5800000, 0x0000000100000000)
  eden space 1536K, 100% used [0x00000000d5580000,0x00000000d5700000,0x00000000d5700000)
  from space 512K, 50% used [0x00000000d5700000,0x00000000d5740000,0x00000000d5780000)
  to   space 512K, 0% used [0x00000000d5780000,0x00000000d5780000,0x00000000d5800000)
 ParOldGen       total 292864K, used 185360K [0x0000000080000000, 0x0000000091e00000, 0x00000000d5580000)
  object space 292864K, 63% used [0x0000000080000000,0x000000008b504218,0x0000000091e00000)
 Metaspace       used 84251K, committed 86208K, reserved 1179648K
  class space    used 8551K, committed 9408K, reserved 1048576K
}
Event: 2044.388 GC heap after
{Heap after GC invocations=932 (full 4):
 PSYoungGen      total 2048K, used 320K [0x00000000d5580000, 0x00000000d5800000, 0x0000000100000000)
  eden space 1536K, 0% used [0x00000000d5580000,0x00000000d5580000,0x00000000d5700000)
  from space 512K, 62% used [0x00000000d5780000,0x00000000d57d0000,0x00000000d5800000)
  to   space 512K, 0% used [0x00000000d5700000,0x00000000d5700000,0x00000000d5780000)
 ParOldGen       total 292864K, used 185424K [0x0000000080000000, 0x0000000091e00000, 0x00000000d5580000)
  object space 292864K, 63% used [0x0000000080000000,0x000000008b514218,0x0000000091e00000)
 Metaspace       used 84251K, committed 86208K, reserved 1179648K
  class space    used 8551K, committed 9408K, reserved 1048576K
}
Event: 2044.398 GC heap before
{Heap before GC invocations=933 (full 4):
 PSYoungGen      total 2048K, used 1856K [0x00000000d5580000, 0x00000000d5800000, 0x0000000100000000)
  eden space 1536K, 100% used [0x00000000d5580000,0x00000000d5700000,0x00000000d5700000)
  from space 512K, 62% used [0x00000000d5780000,0x00000000d57d0000,0x00000000d5800000)
  to   space 512K, 0% used [0x00000000d5700000,0x00000000d5700000,0x00000000d5780000)
 ParOldGen       total 292864K, used 185424K [0x0000000080000000, 0x0000000091e00000, 0x00000000d5580000)
  object space 292864K, 63% used [0x0000000080000000,0x000000008b514218,0x0000000091e00000)
 Metaspace       used 84253K, committed 86208K, reserved 1179648K
  class space    used 8551K, committed 9408K, reserved 1048576K
}
Event: 2044.401 GC heap after
{Heap after GC invocations=933 (full 4):
 PSYoungGen      total 2048K, used 320K [0x00000000d5580000, 0x00000000d5800000, 0x0000000100000000)
  eden space 1536K, 0% used [0x00000000d5580000,0x00000000d5580000,0x00000000d5700000)
  from space 512K, 62% used [0x00000000d5700000,0x00000000d5750000,0x00000000d5780000)
  to   space 512K, 0% used [0x00000000d5780000,0x00000000d5780000,0x00000000d5800000)
 ParOldGen       total 292864K, used 185542K [0x0000000080000000, 0x0000000091e00000, 0x00000000d5580000)
  object space 292864K, 63% used [0x0000000080000000,0x000000008b531b40,0x0000000091e00000)
 Metaspace       used 84253K, committed 86208K, reserved 1179648K
  class space    used 8551K, committed 9408K, reserved 1048576K
}
Event: 2044.411 GC heap before
{Heap before GC invocations=934 (full 4):
 PSYoungGen      total 2048K, used 1856K [0x00000000d5580000, 0x00000000d5800000, 0x0000000100000000)
  eden space 1536K, 100% used [0x00000000d5580000,0x00000000d5700000,0x00000000d5700000)
  from space 512K, 62% used [0x00000000d5700000,0x00000000d5750000,0x00000000d5780000)
  to   space 512K, 0% used [0x00000000d5780000,0x00000000d5780000,0x00000000d5800000)
 ParOldGen       total 292864K, used 185542K [0x0000000080000000, 0x0000000091e00000, 0x00000000d5580000)
  object space 292864K, 63% used [0x0000000080000000,0x000000008b531b40,0x0000000091e00000)
 Metaspace       used 84255K, committed 86208K, reserved 1179648K
  class space    used 8551K, committed 9408K, reserved 1048576K
}
Event: 2044.412 GC heap after
{Heap after GC invocations=934 (full 4):
 PSYoungGen      total 2048K, used 288K [0x00000000d5580000, 0x00000000d5800000, 0x0000000100000000)
  eden space 1536K, 0% used [0x00000000d5580000,0x00000000d5580000,0x00000000d5700000)
  from space 512K, 56% used [0x00000000d5780000,0x00000000d57c8000,0x00000000d5800000)
  to   space 512K, 0% used [0x00000000d5700000,0x00000000d5700000,0x00000000d5780000)
 ParOldGen       total 292864K, used 185582K [0x0000000080000000, 0x0000000091e00000, 0x00000000d5580000)
  object space 292864K, 63% used [0x0000000080000000,0x000000008b53bb40,0x0000000091e00000)
 Metaspace       used 84255K, committed 86208K, reserved 1179648K
  class space    used 8551K, committed 9408K, reserved 1048576K
}
Event: 2044.423 GC heap before
{Heap before GC invocations=935 (full 4):
 PSYoungGen      total 2048K, used 1824K [0x00000000d5580000, 0x00000000d5800000, 0x0000000100000000)
  eden space 1536K, 100% used [0x00000000d5580000,0x00000000d5700000,0x00000000d5700000)
  from space 512K, 56% used [0x00000000d5780000,0x00000000d57c8000,0x00000000d5800000)
  to   space 512K, 0% used [0x00000000d5700000,0x00000000d5700000,0x00000000d5780000)
 ParOldGen       total 292864K, used 185582K [0x0000000080000000, 0x0000000091e00000, 0x00000000d5580000)
  object space 292864K, 63% used [0x0000000080000000,0x000000008b53bb40,0x0000000091e00000)
 Metaspace       used 84258K, committed 86208K, reserved 1179648K
  class space    used 8551K, committed 9408K, reserved 1048576K
}
Event: 2044.424 GC heap after
{Heap after GC invocations=935 (full 4):
 PSYoungGen      total 2048K, used 288K [0x00000000d5580000, 0x00000000d5800000, 0x0000000100000000)
  eden space 1536K, 0% used [0x00000000d5580000,0x00000000d5580000,0x00000000d5700000)
  from space 512K, 56% used [0x00000000d5700000,0x00000000d5748000,0x00000000d5780000)
  to   space 512K, 0% used [0x00000000d5780000,0x00000000d5780000,0x00000000d5800000)
 ParOldGen       total 292864K, used 185638K [0x0000000080000000, 0x0000000091e00000, 0x00000000d5580000)
  object space 292864K, 63% used [0x0000000080000000,0x000000008b549b40,0x0000000091e00000)
 Metaspace       used 84258K, committed 86208K, reserved 1179648K
  class space    used 8551K, committed 9408K, reserved 1048576K
}
Event: 2044.436 GC heap before
{Heap before GC invocations=936 (full 4):
 PSYoungGen      total 2048K, used 1824K [0x00000000d5580000, 0x00000000d5800000, 0x0000000100000000)
  eden space 1536K, 100% used [0x00000000d5580000,0x00000000d5700000,0x00000000d5700000)
  from space 512K, 56% used [0x00000000d5700000,0x00000000d5748000,0x00000000d5780000)
  to   space 512K, 0% used [0x00000000d5780000,0x00000000d5780000,0x00000000d5800000)
 ParOldGen       total 292864K, used 185638K [0x0000000080000000, 0x0000000091e00000, 0x00000000d5580000)
  object space 292864K, 63% used [0x0000000080000000,0x000000008b549b40,0x0000000091e00000)
 Metaspace       used 84268K, committed 86208K, reserved 1179648K
  class space    used 8551K, committed 9408K, reserved 1048576K
}
Event: 2044.439 GC heap after
{Heap after GC invocations=936 (full 4):
 PSYoungGen      total 2048K, used 256K [0x00000000d5580000, 0x00000000d5800000, 0x0000000100000000)
  eden space 1536K, 0% used [0x00000000d5580000,0x00000000d5580000,0x00000000d5700000)
  from space 512K, 50% used [0x00000000d5780000,0x00000000d57c0000,0x00000000d5800000)
  to   space 512K, 0% used [0x00000000d5700000,0x00000000d5700000,0x00000000d5780000)
 ParOldGen       total 292864K, used 185686K [0x0000000080000000, 0x0000000091e00000, 0x00000000d5580000)
  object space 292864K, 63% used [0x0000000080000000,0x000000008b555b40,0x0000000091e00000)
 Metaspace       used 84268K, committed 86208K, reserved 1179648K
  class space    used 8551K, committed 9408K, reserved 1048576K
}
Event: 2044.446 GC heap before
{Heap before GC invocations=937 (full 4):
 PSYoungGen      total 2048K, used 1791K [0x00000000d5580000, 0x00000000d5800000, 0x0000000100000000)
  eden space 1536K, 99% used [0x00000000d5580000,0x00000000d56ffff0,0x00000000d5700000)
  from space 512K, 50% used [0x00000000d5780000,0x00000000d57c0000,0x00000000d5800000)
  to   space 512K, 0% used [0x00000000d5700000,0x00000000d5700000,0x00000000d5780000)
 ParOldGen       total 292864K, used 185686K [0x0000000080000000, 0x0000000091e00000, 0x00000000d5580000)
  object space 292864K, 63% used [0x0000000080000000,0x000000008b555b40,0x0000000091e00000)
 Metaspace       used 84275K, committed 86208K, reserved 1179648K
  class space    used 8551K, committed 9408K, reserved 1048576K
}
Event: 2044.447 GC heap after
{Heap after GC invocations=937 (full 4):
 PSYoungGen      total 2048K, used 288K [0x00000000d5580000, 0x00000000d5800000, 0x0000000100000000)
  eden space 1536K, 0% used [0x00000000d5580000,0x00000000d5580000,0x00000000d5700000)
  from space 512K, 56% used [0x00000000d5700000,0x00000000d5748000,0x00000000d5780000)
  to   space 512K, 0% used [0x00000000d5780000,0x00000000d5780000,0x00000000d5800000)
 ParOldGen       total 292864K, used 185750K [0x0000000080000000, 0x0000000091e00000, 0x00000000d5580000)
  object space 292864K, 63% used [0x0000000080000000,0x000000008b565b40,0x0000000091e00000)
 Metaspace       used 84275K, committed 86208K, reserved 1179648K
  class space    used 8551K, committed 9408K, reserved 1048576K
}
Event: 2044.455 GC heap before
{Heap before GC invocations=938 (full 4):
 PSYoungGen      total 2048K, used 1824K [0x00000000d5580000, 0x00000000d5800000, 0x0000000100000000)
  eden space 1536K, 100% used [0x00000000d5580000,0x00000000d5700000,0x00000000d5700000)
  from space 512K, 56% used [0x00000000d5700000,0x00000000d5748000,0x00000000d5780000)
  to   space 512K, 0% used [0x00000000d5780000,0x00000000d5780000,0x00000000d5800000)
 ParOldGen       total 292864K, used 185750K [0x0000000080000000, 0x0000000091e00000, 0x00000000d5580000)
  object space 292864K, 63% used [0x0000000080000000,0x000000008b565b40,0x0000000091e00000)
 Metaspace       used 84295K, committed 86208K, reserved 1179648K
  class space    used 8555K, committed 9408K, reserved 1048576K
}
Event: 2044.456 GC heap after
{Heap after GC invocations=938 (full 4):
 PSYoungGen      total 2048K, used 320K [0x00000000d5580000, 0x00000000d5800000, 0x0000000100000000)
  eden space 1536K, 0% used [0x00000000d5580000,0x00000000d5580000,0x00000000d5700000)
  from space 512K, 62% used [0x00000000d5780000,0x00000000d57d0000,0x00000000d5800000)
  to   space 512K, 0% used [0x00000000d5700000,0x00000000d5700000,0x00000000d5780000)
 ParOldGen       total 292864K, used 185806K [0x0000000080000000, 0x0000000091e00000, 0x00000000d5580000)
  object space 292864K, 63% used [0x0000000080000000,0x000000008b573b40,0x0000000091e00000)
 Metaspace       used 84295K, committed 86208K, reserved 1179648K
  class space    used 8555K, committed 9408K, reserved 1048576K
}
Event: 2045.684 GC heap before
{Heap before GC invocations=939 (full 4):
 PSYoungGen      total 2048K, used 1855K [0x00000000d5580000, 0x00000000d5800000, 0x0000000100000000)
  eden space 1536K, 99% used [0x00000000d5580000,0x00000000d56ffff8,0x00000000d5700000)
  from space 512K, 62% used [0x00000000d5780000,0x00000000d57d0000,0x00000000d5800000)
  to   space 512K, 0% used [0x00000000d5700000,0x00000000d5700000,0x00000000d5780000)
 ParOldGen       total 292864K, used 185806K [0x0000000080000000, 0x0000000091e00000, 0x00000000d5580000)
  object space 292864K, 63% used [0x0000000080000000,0x000000008b573b40,0x0000000091e00000)
 Metaspace       used 84317K, committed 86272K, reserved 1179648K
  class space    used 8555K, committed 9408K, reserved 1048576K
}
Event: 2045.685 GC heap after
{Heap after GC invocations=939 (full 4):
 PSYoungGen      total 2048K, used 288K [0x00000000d5580000, 0x00000000d5800000, 0x0000000100000000)
  eden space 1536K, 0% used [0x00000000d5580000,0x00000000d5580000,0x00000000d5700000)
  from space 512K, 56% used [0x00000000d5700000,0x00000000d5748000,0x00000000d5780000)
  to   space 512K, 0% used [0x00000000d5780000,0x00000000d5780000,0x00000000d5800000)
 ParOldGen       total 292864K, used 185878K [0x0000000080000000, 0x0000000091e00000, 0x00000000d5580000)
  object space 292864K, 63% used [0x0000000080000000,0x000000008b585b40,0x0000000091e00000)
 Metaspace       used 84317K, committed 86272K, reserved 1179648K
  class space    used 8555K, committed 9408K, reserved 1048576K
}
Event: 2523.440 GC heap before
{Heap before GC invocations=940 (full 4):
 PSYoungGen      total 2048K, used 1824K [0x00000000d5580000, 0x00000000d5800000, 0x0000000100000000)
  eden space 1536K, 100% used [0x00000000d5580000,0x00000000d5700000,0x00000000d5700000)
  from space 512K, 56% used [0x00000000d5700000,0x00000000d5748000,0x00000000d5780000)
  to   space 512K, 0% used [0x00000000d5780000,0x00000000d5780000,0x00000000d5800000)
 ParOldGen       total 292864K, used 185878K [0x0000000080000000, 0x0000000091e00000, 0x00000000d5580000)
  object space 292864K, 63% used [0x0000000080000000,0x000000008b585b40,0x0000000091e00000)
 Metaspace       used 84323K, committed 86272K, reserved 1179648K
  class space    used 8556K, committed 9408K, reserved 1048576K
}
Event: 2523.442 GC heap after
{Heap after GC invocations=940 (full 4):
 PSYoungGen      total 2048K, used 320K [0x00000000d5580000, 0x00000000d5800000, 0x0000000100000000)
  eden space 1536K, 0% used [0x00000000d5580000,0x00000000d5580000,0x00000000d5700000)
  from space 512K, 62% used [0x00000000d5780000,0x00000000d57d0000,0x00000000d5800000)
  to   space 512K, 0% used [0x00000000d5700000,0x00000000d5700000,0x00000000d5780000)
 ParOldGen       total 292864K, used 185934K [0x0000000080000000, 0x0000000091e00000, 0x00000000d5580000)
  object space 292864K, 63% used [0x0000000080000000,0x000000008b593b40,0x0000000091e00000)
 Metaspace       used 84323K, committed 86272K, reserved 1179648K
  class space    used 8556K, committed 9408K, reserved 1048576K
}

